[2025-01-28 23:04:21,336: INFO: main: Welcome to out custom logging]
[2025-01-29 15:15:25,679: INFO: common: yaml file: <_io.TextIOWrapper name='config\\config.yaml' mode='r' encoding='cp1252'> loaded successfully]
[2025-01-29 15:15:25,685: INFO: common: yaml file: <_io.TextIOWrapper name='params.yaml' mode='r' encoding='cp1252'> loaded successfully]
[2025-01-29 15:16:05,127: INFO: common: yaml file: <_io.TextIOWrapper name='config\\config.yaml' mode='r' encoding='cp1252'> loaded successfully]
[2025-01-29 15:16:05,129: INFO: common: yaml file: <_io.TextIOWrapper name='params.yaml' mode='r' encoding='cp1252'> loaded successfully]
[2025-01-29 15:16:05,131: INFO: common: yaml file: <_io.TextIOWrapper name='schema.yaml' mode='r' encoding='cp1252'> loaded successfully]
[2025-01-29 15:16:05,132: INFO: common: Created directory at: artifaacts]
[2025-01-29 15:16:05,133: INFO: common: Created directory at: artifacts/data_ingestion]
[2025-01-29 15:17:11,156: INFO: common: yaml file: <_io.TextIOWrapper name='config\\config.yaml' mode='r' encoding='cp1252'> loaded successfully]
[2025-01-29 15:17:11,158: INFO: common: yaml file: <_io.TextIOWrapper name='params.yaml' mode='r' encoding='cp1252'> loaded successfully]
[2025-01-29 15:17:11,160: INFO: common: yaml file: <_io.TextIOWrapper name='schema.yaml' mode='r' encoding='cp1252'> loaded successfully]
[2025-01-29 15:17:11,160: INFO: common: Created directory at: artifaacts]
[2025-01-29 15:17:11,162: INFO: common: Created directory at: artifacts/data_ingestion]
[2025-01-29 15:18:34,104: INFO: common: yaml file: <_io.TextIOWrapper name='config\\config.yaml' mode='r' encoding='cp1252'> loaded successfully]
[2025-01-29 15:18:34,105: INFO: common: yaml file: <_io.TextIOWrapper name='params.yaml' mode='r' encoding='cp1252'> loaded successfully]
[2025-01-29 15:18:34,106: INFO: common: yaml file: <_io.TextIOWrapper name='schema.yaml' mode='r' encoding='cp1252'> loaded successfully]
[2025-01-29 15:18:34,108: INFO: common: Created directory at: artifacts]
[2025-01-29 15:18:34,109: INFO: common: Created directory at: artifacts/data_ingestion]
[2025-01-29 15:39:41,725: INFO: common: yaml file: <_io.TextIOWrapper name='config\\config.yaml' mode='r' encoding='cp1252'> loaded successfully]
[2025-01-29 15:39:41,727: INFO: common: yaml file: <_io.TextIOWrapper name='params.yaml' mode='r' encoding='cp1252'> loaded successfully]
[2025-01-29 15:39:41,728: INFO: common: yaml file: <_io.TextIOWrapper name='schema.yaml' mode='r' encoding='cp1252'> loaded successfully]
[2025-01-29 15:39:41,728: INFO: common: Created directory at: artifacts]
[2025-01-29 15:39:41,730: INFO: common: Created directory at: artifacts/data_ingestion]
[2025-01-29 15:42:20,196: INFO: common: yaml file: <_io.TextIOWrapper name='config\\config.yaml' mode='r' encoding='cp1252'> loaded successfully]
[2025-01-29 15:42:20,197: INFO: common: yaml file: <_io.TextIOWrapper name='params.yaml' mode='r' encoding='cp1252'> loaded successfully]
[2025-01-29 15:42:20,198: INFO: common: yaml file: <_io.TextIOWrapper name='schema.yaml' mode='r' encoding='cp1252'> loaded successfully]
[2025-01-29 15:42:20,199: INFO: common: Created directory at: artifacts]
[2025-01-29 15:42:20,201: INFO: common: Created directory at: artifacts/data_ingestion]
[2025-01-29 21:56:59,139: INFO: common: yaml file: <_io.TextIOWrapper name='config\\config.yaml' mode='r' encoding='cp1252'> loaded successfully]
[2025-01-29 21:56:59,144: INFO: common: yaml file: <_io.TextIOWrapper name='params.yaml' mode='r' encoding='cp1252'> loaded successfully]
[2025-01-29 21:56:59,149: INFO: common: yaml file: <_io.TextIOWrapper name='schema.yaml' mode='r' encoding='cp1252'> loaded successfully]
[2025-01-29 21:56:59,151: INFO: common: Created directory at: artifacts]
[2025-01-29 21:56:59,155: INFO: common: Created directory at: artifacts/data_ingestion]
[2025-01-29 22:03:50,819: INFO: common: yaml file: <_io.TextIOWrapper name='config\\config.yaml' mode='r' encoding='cp1252'> loaded successfully]
[2025-01-29 22:03:50,826: INFO: common: yaml file: <_io.TextIOWrapper name='params.yaml' mode='r' encoding='cp1252'> loaded successfully]
[2025-01-29 22:03:50,828: INFO: common: yaml file: <_io.TextIOWrapper name='schema.yaml' mode='r' encoding='cp1252'> loaded successfully]
[2025-01-29 22:03:50,828: INFO: common: Created directory at: artifacts]
[2025-01-29 22:03:50,832: INFO: common: Created directory at: artifacts/data_ingestion]
[2025-01-29 22:03:52,454: INFO: 3157313809: artifacts/data_ingestion/data.zip downloaded! with following info: 
Connection: close
Content-Length: 23329
Cache-Control: max-age=300
Content-Security-Policy: default-src 'none'; style-src 'unsafe-inline'; sandbox
Content-Type: application/zip
ETag: "c69888a4ae59bc5a893392785a938ccd4937981c06ba8a9d6a21aa52b4ab5b6e"
Strict-Transport-Security: max-age=31536000
X-Content-Type-Options: nosniff
X-Frame-Options: deny
X-XSS-Protection: 1; mode=block
X-GitHub-Request-Id: C6D4:335323:16434B:1EB1F7:679A5878
Accept-Ranges: bytes
Date: Wed, 29 Jan 2025 16:34:01 GMT
Via: 1.1 varnish
X-Served-By: cache-del21743-DEL
X-Cache: MISS
X-Cache-Hits: 0
X-Timer: S1738168441.069124,VS0,VE534
Vary: Authorization,Accept-Encoding,Origin
Access-Control-Allow-Origin: *
Cross-Origin-Resource-Policy: cross-origin
X-Fastly-Request-ID: 60d03df7ba5cefe97693fd38c0a0ac4cf4ba712d
Expires: Wed, 29 Jan 2025 16:39:01 GMT
Source-Age: 0

]
[2025-01-29 22:16:02,804: INFO: main: >>>>>>> Stage Data Ingestion stage started <<<<<<<]
[2025-01-29 22:16:02,818: INFO: common: yaml file: <_io.TextIOWrapper name='config\\config.yaml' mode='r' encoding='cp1252'> loaded successfully]
[2025-01-29 22:16:02,818: INFO: common: yaml file: <_io.TextIOWrapper name='params.yaml' mode='r' encoding='cp1252'> loaded successfully]
[2025-01-29 22:16:02,818: INFO: common: yaml file: <_io.TextIOWrapper name='schema.yaml' mode='r' encoding='cp1252'> loaded successfully]
[2025-01-29 22:16:02,818: INFO: common: Created directory at: artifacts]
[2025-01-29 22:16:02,818: INFO: common: Created directory at: artifacts/data_ingestion]
[2025-01-29 22:16:04,329: INFO: data_ingestion: artifacts/data_ingestion/data.zip downloaded! with following info: 
Connection: close
Content-Length: 23329
Cache-Control: max-age=300
Content-Security-Policy: default-src 'none'; style-src 'unsafe-inline'; sandbox
Content-Type: application/zip
ETag: "c69888a4ae59bc5a893392785a938ccd4937981c06ba8a9d6a21aa52b4ab5b6e"
Strict-Transport-Security: max-age=31536000
X-Content-Type-Options: nosniff
X-Frame-Options: deny
X-XSS-Protection: 1; mode=block
X-GitHub-Request-Id: C6D4:335323:16434B:1EB1F7:679A5878
Accept-Ranges: bytes
Date: Wed, 29 Jan 2025 16:46:13 GMT
Via: 1.1 varnish
X-Served-By: cache-del21731-DEL
X-Cache: HIT
X-Cache-Hits: 0
X-Timer: S1738169173.219920,VS0,VE259
Vary: Authorization,Accept-Encoding,Origin
Access-Control-Allow-Origin: *
Cross-Origin-Resource-Policy: cross-origin
X-Fastly-Request-ID: 2dae2f7581bc5f48816b098f1b883c4eb8740781
Expires: Wed, 29 Jan 2025 16:51:13 GMT
Source-Age: 0

]
[2025-01-29 22:16:04,335: INFO: main: >>>>>>> Stage Data Ingestion stage completed <<<<<<<<

x=============x]
[2025-01-29 22:42:18,343: INFO: common: yaml file: <_io.TextIOWrapper name='config\\config.yaml' mode='r' encoding='cp1252'> loaded successfully]
[2025-01-29 22:42:18,346: INFO: common: yaml file: <_io.TextIOWrapper name='params.yaml' mode='r' encoding='cp1252'> loaded successfully]
[2025-01-29 22:42:18,348: INFO: common: yaml file: <_io.TextIOWrapper name='schema.yaml' mode='r' encoding='cp1252'> loaded successfully]
[2025-01-29 22:42:18,350: INFO: common: Created directory at: artifacts]
[2025-01-29 22:42:18,351: INFO: common: Created directory at: artifacts/data_validation]
[2025-01-29 22:43:55,088: INFO: common: yaml file: <_io.TextIOWrapper name='config\\config.yaml' mode='r' encoding='cp1252'> loaded successfully]
[2025-01-29 22:43:55,089: INFO: common: yaml file: <_io.TextIOWrapper name='params.yaml' mode='r' encoding='cp1252'> loaded successfully]
[2025-01-29 22:43:55,091: INFO: common: yaml file: <_io.TextIOWrapper name='schema.yaml' mode='r' encoding='cp1252'> loaded successfully]
[2025-01-29 22:43:55,092: INFO: common: Created directory at: artifacts]
[2025-01-29 22:43:55,093: INFO: common: Created directory at: artifacts/data_validation]
[2025-01-29 22:57:03,718: INFO: main: >>>>>>> Stage Data Ingestion stage started <<<<<<<]
[2025-01-29 22:57:03,719: INFO: common: yaml file: <_io.TextIOWrapper name='config\\config.yaml' mode='r' encoding='cp1252'> loaded successfully]
[2025-01-29 22:57:03,720: INFO: common: yaml file: <_io.TextIOWrapper name='params.yaml' mode='r' encoding='cp1252'> loaded successfully]
[2025-01-29 22:57:03,721: INFO: common: yaml file: <_io.TextIOWrapper name='schema.yaml' mode='r' encoding='cp1252'> loaded successfully]
[2025-01-29 22:57:03,721: INFO: common: Created directory at: artifacts]
[2025-01-29 22:57:03,722: INFO: common: Created directory at: artifacts/data_ingestion]
[2025-01-29 22:57:04,986: INFO: data_ingestion: artifacts/data_ingestion/data.zip downloaded! with following info: 
Connection: close
Content-Length: 23329
Cache-Control: max-age=300
Content-Security-Policy: default-src 'none'; style-src 'unsafe-inline'; sandbox
Content-Type: application/zip
ETag: "c69888a4ae59bc5a893392785a938ccd4937981c06ba8a9d6a21aa52b4ab5b6e"
Strict-Transport-Security: max-age=31536000
X-Content-Type-Options: nosniff
X-Frame-Options: deny
X-XSS-Protection: 1; mode=block
X-GitHub-Request-Id: C6D4:335323:16434B:1EB1F7:679A5878
Accept-Ranges: bytes
Date: Wed, 29 Jan 2025 17:27:14 GMT
Via: 1.1 varnish
X-Served-By: cache-del21720-DEL
X-Cache: HIT
X-Cache-Hits: 0
X-Timer: S1738171634.844030,VS0,VE283
Vary: Authorization,Accept-Encoding,Origin
Access-Control-Allow-Origin: *
Cross-Origin-Resource-Policy: cross-origin
X-Fastly-Request-ID: a0b6892b3415a590b2fe9f8e3b4dfe6824d2e261
Expires: Wed, 29 Jan 2025 17:32:14 GMT
Source-Age: 0

]
[2025-01-29 22:57:04,989: INFO: main: >>>>>>> Stage Data Ingestion stage completed <<<<<<<<

x=============x]
[2025-01-29 22:57:04,989: INFO: main: >>>>>>> Stage Data Validation stage started <<<<<<<]
[2025-01-29 22:57:04,991: INFO: common: yaml file: <_io.TextIOWrapper name='config\\config.yaml' mode='r' encoding='cp1252'> loaded successfully]
[2025-01-29 22:57:04,992: INFO: common: yaml file: <_io.TextIOWrapper name='params.yaml' mode='r' encoding='cp1252'> loaded successfully]
[2025-01-29 22:57:04,994: INFO: common: yaml file: <_io.TextIOWrapper name='schema.yaml' mode='r' encoding='cp1252'> loaded successfully]
[2025-01-29 22:57:04,994: INFO: common: Created directory at: artifacts]
[2025-01-29 22:57:04,995: INFO: common: Created directory at: artifacts/data_validation]
[2025-01-29 22:57:05,005: INFO: main: >>>>>>> Stage Data Validation stage completed <<<<<<<<

x=============x]
[2025-01-30 16:25:01,030: INFO: common: yaml file: <_io.TextIOWrapper name='config\\config.yaml' mode='r' encoding='cp1252'> loaded successfully]
[2025-01-30 16:25:01,035: INFO: common: yaml file: <_io.TextIOWrapper name='params.yaml' mode='r' encoding='cp1252'> loaded successfully]
[2025-01-30 16:25:01,038: INFO: common: yaml file: <_io.TextIOWrapper name='schema.yaml' mode='r' encoding='cp1252'> loaded successfully]
[2025-01-30 16:25:01,039: INFO: common: Created directory at: artifacts]
[2025-01-30 16:25:01,041: INFO: common: Created directory at: arifacts/data_transformation]
[2025-01-30 16:25:10,801: INFO: common: yaml file: <_io.TextIOWrapper name='config\\config.yaml' mode='r' encoding='cp1252'> loaded successfully]
[2025-01-30 16:25:10,803: INFO: common: yaml file: <_io.TextIOWrapper name='params.yaml' mode='r' encoding='cp1252'> loaded successfully]
[2025-01-30 16:25:10,804: INFO: common: yaml file: <_io.TextIOWrapper name='schema.yaml' mode='r' encoding='cp1252'> loaded successfully]
[2025-01-30 16:25:10,806: INFO: common: Created directory at: artifacts]
[2025-01-30 16:25:10,806: INFO: common: Created directory at: arifacts/data_transformation]
[2025-01-30 16:25:10,834: INFO: 4131139556: Split data into training and testing sets]
[2025-01-30 16:25:10,835: INFO: 4131139556: (1199, 12)]
[2025-01-30 16:25:10,836: INFO: 4131139556: (400, 12)]
[2025-01-30 16:27:07,681: INFO: common: yaml file: <_io.TextIOWrapper name='config\\config.yaml' mode='r' encoding='cp1252'> loaded successfully]
[2025-01-30 16:27:07,683: INFO: common: yaml file: <_io.TextIOWrapper name='params.yaml' mode='r' encoding='cp1252'> loaded successfully]
[2025-01-30 16:27:07,686: INFO: common: yaml file: <_io.TextIOWrapper name='schema.yaml' mode='r' encoding='cp1252'> loaded successfully]
[2025-01-30 16:27:07,688: INFO: common: Created directory at: artifacts]
[2025-01-30 16:27:07,690: INFO: common: Created directory at: artifacts/data_transformation]
[2025-01-30 16:27:07,709: INFO: 4131139556: Split data into training and testing sets]
[2025-01-30 16:27:07,710: INFO: 4131139556: (1199, 12)]
[2025-01-30 16:27:07,710: INFO: 4131139556: (400, 12)]
[2025-01-30 16:38:45,495: INFO: main: >>>>>>> Stage Data Ingestion stage started <<<<<<<]
[2025-01-30 16:38:45,495: INFO: common: yaml file: <_io.TextIOWrapper name='config\\config.yaml' mode='r' encoding='cp1252'> loaded successfully]
[2025-01-30 16:38:45,495: INFO: common: yaml file: <_io.TextIOWrapper name='params.yaml' mode='r' encoding='cp1252'> loaded successfully]
[2025-01-30 16:38:45,495: INFO: common: yaml file: <_io.TextIOWrapper name='schema.yaml' mode='r' encoding='cp1252'> loaded successfully]
[2025-01-30 16:38:45,511: INFO: common: Created directory at: artifacts]
[2025-01-30 16:38:45,511: INFO: common: Created directory at: artifacts/data_ingestion]
[2025-01-30 16:38:45,511: INFO: data_ingestion: File already exists of size: ~ 23 KB]
[2025-01-30 16:38:45,511: INFO: main: >>>>>>> Stage Data Ingestion stage completed <<<<<<<<

x=============x]
[2025-01-30 16:38:45,511: INFO: main: >>>>>>> Stage Data Validation stage started <<<<<<<]
[2025-01-30 16:38:45,511: INFO: common: yaml file: <_io.TextIOWrapper name='config\\config.yaml' mode='r' encoding='cp1252'> loaded successfully]
[2025-01-30 16:38:45,511: INFO: common: yaml file: <_io.TextIOWrapper name='params.yaml' mode='r' encoding='cp1252'> loaded successfully]
[2025-01-30 16:38:45,511: INFO: common: yaml file: <_io.TextIOWrapper name='schema.yaml' mode='r' encoding='cp1252'> loaded successfully]
[2025-01-30 16:38:45,511: INFO: common: Created directory at: artifacts]
[2025-01-30 16:38:45,511: INFO: common: Created directory at: artifacts/data_validation]
[2025-01-30 16:38:45,511: INFO: main: >>>>>>> Stage Data Validation stage completed <<<<<<<<

x=============x]
[2025-01-30 16:38:45,511: INFO: main: >>>>>>> Stage Data Tranformation stage started <<<<<<<]
[2025-01-30 16:38:45,511: INFO: common: yaml file: <_io.TextIOWrapper name='config\\config.yaml' mode='r' encoding='cp1252'> loaded successfully]
[2025-01-30 16:38:45,511: INFO: common: yaml file: <_io.TextIOWrapper name='params.yaml' mode='r' encoding='cp1252'> loaded successfully]
[2025-01-30 16:38:45,527: INFO: common: yaml file: <_io.TextIOWrapper name='schema.yaml' mode='r' encoding='cp1252'> loaded successfully]
[2025-01-30 16:38:45,527: INFO: common: Created directory at: artifacts]
[2025-01-30 16:40:22,675: INFO: main: >>>>>>> Stage Data Ingestion stage started <<<<<<<]
[2025-01-30 16:40:22,677: INFO: common: yaml file: <_io.TextIOWrapper name='config\\config.yaml' mode='r' encoding='cp1252'> loaded successfully]
[2025-01-30 16:40:22,677: INFO: common: yaml file: <_io.TextIOWrapper name='params.yaml' mode='r' encoding='cp1252'> loaded successfully]
[2025-01-30 16:40:22,679: INFO: common: yaml file: <_io.TextIOWrapper name='schema.yaml' mode='r' encoding='cp1252'> loaded successfully]
[2025-01-30 16:40:22,679: INFO: common: Created directory at: artifacts]
[2025-01-30 16:40:22,679: INFO: common: Created directory at: artifacts/data_ingestion]
[2025-01-30 16:40:24,834: INFO: data_ingestion: artifacts/data_ingestion/data.zip downloaded! with following info: 
Connection: close
Content-Length: 23329
Cache-Control: max-age=300
Content-Security-Policy: default-src 'none'; style-src 'unsafe-inline'; sandbox
Content-Type: application/zip
ETag: "c69888a4ae59bc5a893392785a938ccd4937981c06ba8a9d6a21aa52b4ab5b6e"
Strict-Transport-Security: max-age=31536000
X-Content-Type-Options: nosniff
X-Frame-Options: deny
X-XSS-Protection: 1; mode=block
X-GitHub-Request-Id: BF72:AF7E2:1EF06A:29C7C9:679B5E29
Accept-Ranges: bytes
Date: Thu, 30 Jan 2025 11:10:35 GMT
Via: 1.1 varnish
X-Served-By: cache-bom4722-BOM
X-Cache: MISS
X-Cache-Hits: 0
X-Timer: S1738235435.925139,VS0,VE478
Vary: Authorization,Accept-Encoding,Origin
Access-Control-Allow-Origin: *
Cross-Origin-Resource-Policy: cross-origin
X-Fastly-Request-ID: 5e14ad13f9643de10869f9f1b798572fa140f568
Expires: Thu, 30 Jan 2025 11:15:35 GMT
Source-Age: 0

]
[2025-01-30 16:40:24,834: INFO: main: >>>>>>> Stage Data Ingestion stage completed <<<<<<<<

x=============x]
[2025-01-30 16:40:24,834: INFO: main: >>>>>>> Stage Data Validation stage started <<<<<<<]
[2025-01-30 16:40:24,834: INFO: common: yaml file: <_io.TextIOWrapper name='config\\config.yaml' mode='r' encoding='cp1252'> loaded successfully]
[2025-01-30 16:40:24,834: INFO: common: yaml file: <_io.TextIOWrapper name='params.yaml' mode='r' encoding='cp1252'> loaded successfully]
[2025-01-30 16:40:24,834: INFO: common: yaml file: <_io.TextIOWrapper name='schema.yaml' mode='r' encoding='cp1252'> loaded successfully]
[2025-01-30 16:40:24,834: INFO: common: Created directory at: artifacts]
[2025-01-30 16:40:24,834: INFO: common: Created directory at: artifacts/data_validation]
[2025-01-30 16:40:24,850: INFO: main: >>>>>>> Stage Data Validation stage completed <<<<<<<<

x=============x]
[2025-01-30 16:40:24,850: INFO: main: >>>>>>> Stage Data Tranformation stage started <<<<<<<]
[2025-01-30 16:40:24,850: INFO: common: yaml file: <_io.TextIOWrapper name='config\\config.yaml' mode='r' encoding='cp1252'> loaded successfully]
[2025-01-30 16:40:24,850: INFO: common: yaml file: <_io.TextIOWrapper name='params.yaml' mode='r' encoding='cp1252'> loaded successfully]
[2025-01-30 16:40:24,850: INFO: common: yaml file: <_io.TextIOWrapper name='schema.yaml' mode='r' encoding='cp1252'> loaded successfully]
[2025-01-30 16:40:24,850: INFO: common: Created directory at: artifacts]
[2025-01-30 16:40:24,850: INFO: common: Created directory at: artifacts/data_transformation]
[2025-01-30 16:40:24,866: INFO: data_transformation: Split data into training and testing sets]
[2025-01-30 16:40:24,866: INFO: data_transformation: (1199, 12)]
[2025-01-30 16:40:24,866: INFO: data_transformation: (400, 12)]
[2025-01-30 16:40:24,866: INFO: main: >>>>>>> Stage Data Tranformation stage completed <<<<<<<<

x=============x]
[2025-01-30 22:33:53,652: INFO: common: yaml file: <_io.TextIOWrapper name='config\\config.yaml' mode='r' encoding='cp1252'> loaded successfully]
[2025-01-30 22:33:53,660: INFO: common: yaml file: <_io.TextIOWrapper name='params.yaml' mode='r' encoding='cp1252'> loaded successfully]
[2025-01-30 22:33:53,663: INFO: common: yaml file: <_io.TextIOWrapper name='schema.yaml' mode='r' encoding='cp1252'> loaded successfully]
[2025-01-30 22:33:53,663: INFO: common: Created directory at: artifacts]
[2025-01-30 22:33:53,663: INFO: common: Created directory at: artifacts/model_trainer]
[2025-01-30 22:36:33,853: INFO: common: yaml file: <_io.TextIOWrapper name='config\\config.yaml' mode='r' encoding='cp1252'> loaded successfully]
[2025-01-30 22:36:33,853: INFO: common: yaml file: <_io.TextIOWrapper name='params.yaml' mode='r' encoding='cp1252'> loaded successfully]
[2025-01-30 22:36:33,861: INFO: common: yaml file: <_io.TextIOWrapper name='schema.yaml' mode='r' encoding='cp1252'> loaded successfully]
[2025-01-30 22:36:33,861: INFO: common: Created directory at: artifacts]
[2025-01-30 22:36:33,867: INFO: common: Created directory at: artifacts/model_trainer]
[2025-01-30 22:37:01,169: INFO: common: yaml file: <_io.TextIOWrapper name='config\\config.yaml' mode='r' encoding='cp1252'> loaded successfully]
[2025-01-30 22:37:01,177: INFO: common: yaml file: <_io.TextIOWrapper name='params.yaml' mode='r' encoding='cp1252'> loaded successfully]
[2025-01-30 22:37:01,177: INFO: common: yaml file: <_io.TextIOWrapper name='schema.yaml' mode='r' encoding='cp1252'> loaded successfully]
[2025-01-30 22:37:01,177: INFO: common: Created directory at: artifacts]
[2025-01-30 22:37:01,185: INFO: common: Created directory at: artifacts/model_trainer]
[2025-01-30 22:40:49,454: INFO: common: yaml file: <_io.TextIOWrapper name='config\\config.yaml' mode='r' encoding='cp1252'> loaded successfully]
[2025-01-30 22:40:49,463: INFO: common: yaml file: <_io.TextIOWrapper name='params.yaml' mode='r' encoding='cp1252'> loaded successfully]
[2025-01-30 22:40:49,463: INFO: common: yaml file: <_io.TextIOWrapper name='schema.yaml' mode='r' encoding='cp1252'> loaded successfully]
[2025-01-30 22:40:49,463: INFO: common: Created directory at: artifacts]
[2025-01-30 22:40:49,472: INFO: common: Created directory at: artifacts/model_trainer]
[2025-01-30 22:47:59,876: INFO: common: yaml file: <_io.TextIOWrapper name='config\\config.yaml' mode='r' encoding='cp1252'> loaded successfully]
[2025-01-30 22:47:59,884: INFO: common: yaml file: <_io.TextIOWrapper name='params.yaml' mode='r' encoding='cp1252'> loaded successfully]
[2025-01-30 22:47:59,889: INFO: common: yaml file: <_io.TextIOWrapper name='schema.yaml' mode='r' encoding='cp1252'> loaded successfully]
[2025-01-30 22:47:59,889: INFO: common: Created directory at: artifacts]
[2025-01-30 22:47:59,892: INFO: common: Created directory at: artifacts/model_trainer]
[2025-01-30 22:50:51,584: INFO: common: yaml file: <_io.TextIOWrapper name='config\\config.yaml' mode='r' encoding='cp1252'> loaded successfully]
[2025-01-30 22:50:51,592: INFO: common: yaml file: <_io.TextIOWrapper name='params.yaml' mode='r' encoding='cp1252'> loaded successfully]
[2025-01-30 22:50:51,592: INFO: common: yaml file: <_io.TextIOWrapper name='schema.yaml' mode='r' encoding='cp1252'> loaded successfully]
[2025-01-30 22:50:51,600: INFO: common: Created directory at: artifacts]
[2025-01-30 22:50:51,600: INFO: common: Created directory at: artifacts/model_trainer]
[2025-01-30 22:57:36,852: INFO: common: yaml file: <_io.TextIOWrapper name='config\\config.yaml' mode='r' encoding='cp1252'> loaded successfully]
[2025-01-30 22:57:36,861: INFO: common: yaml file: <_io.TextIOWrapper name='params.yaml' mode='r' encoding='cp1252'> loaded successfully]
[2025-01-30 22:57:36,866: INFO: common: yaml file: <_io.TextIOWrapper name='schema.yaml' mode='r' encoding='cp1252'> loaded successfully]
[2025-01-30 22:57:36,869: INFO: common: Created directory at: artifacts]
[2025-01-30 22:57:36,869: INFO: common: Created directory at: artifacts/model_trainer]
[2025-01-30 22:57:58,502: INFO: common: yaml file: <_io.TextIOWrapper name='config\\config.yaml' mode='r' encoding='cp1252'> loaded successfully]
[2025-01-30 22:57:58,502: INFO: common: yaml file: <_io.TextIOWrapper name='params.yaml' mode='r' encoding='cp1252'> loaded successfully]
[2025-01-30 22:57:58,502: INFO: common: yaml file: <_io.TextIOWrapper name='schema.yaml' mode='r' encoding='cp1252'> loaded successfully]
[2025-01-30 22:57:58,511: INFO: common: Created directory at: artifacts]
[2025-01-30 22:57:58,511: INFO: common: Created directory at: artifacts/model_trainer]
[2025-01-30 22:59:41,376: INFO: common: yaml file: <_io.TextIOWrapper name='config\\config.yaml' mode='r' encoding='cp1252'> loaded successfully]
[2025-01-30 22:59:41,376: INFO: common: yaml file: <_io.TextIOWrapper name='params.yaml' mode='r' encoding='cp1252'> loaded successfully]
[2025-01-30 22:59:41,384: INFO: common: yaml file: <_io.TextIOWrapper name='schema.yaml' mode='r' encoding='cp1252'> loaded successfully]
[2025-01-30 22:59:41,384: INFO: common: Created directory at: artifacts]
[2025-01-30 22:59:41,384: INFO: common: Created directory at: artifacts/model_trainer]
[2025-01-30 23:01:24,410: INFO: common: yaml file: <_io.TextIOWrapper name='config\\config.yaml' mode='r' encoding='cp1252'> loaded successfully]
[2025-01-30 23:01:24,418: INFO: common: yaml file: <_io.TextIOWrapper name='params.yaml' mode='r' encoding='cp1252'> loaded successfully]
[2025-01-30 23:01:24,418: INFO: common: yaml file: <_io.TextIOWrapper name='schema.yaml' mode='r' encoding='cp1252'> loaded successfully]
[2025-01-30 23:01:24,427: INFO: common: Created directory at: artifacts]
[2025-01-30 23:01:24,427: INFO: common: Created directory at: artifacts/model_trainer]
[2025-01-30 23:03:43,149: INFO: common: yaml file: <_io.TextIOWrapper name='config\\config.yaml' mode='r' encoding='cp1252'> loaded successfully]
[2025-01-30 23:03:43,154: INFO: common: yaml file: <_io.TextIOWrapper name='params.yaml' mode='r' encoding='cp1252'> loaded successfully]
[2025-01-30 23:03:43,157: INFO: common: yaml file: <_io.TextIOWrapper name='schema.yaml' mode='r' encoding='cp1252'> loaded successfully]
[2025-01-30 23:03:43,163: INFO: common: Created directory at: artifacts]
[2025-01-30 23:03:43,163: INFO: common: Created directory at: artifacts/model_trainer]
[2025-01-30 23:06:45,356: INFO: common: yaml file: <_io.TextIOWrapper name='config\\config.yaml' mode='r' encoding='cp1252'> loaded successfully]
[2025-01-30 23:06:45,360: INFO: common: yaml file: <_io.TextIOWrapper name='params.yaml' mode='r' encoding='cp1252'> loaded successfully]
[2025-01-30 23:06:45,360: INFO: common: yaml file: <_io.TextIOWrapper name='schema.yaml' mode='r' encoding='cp1252'> loaded successfully]
[2025-01-30 23:06:45,368: INFO: common: Created directory at: artifacts]
[2025-01-30 23:06:45,368: INFO: common: Created directory at: artifacts/model_trainer]
[2025-01-30 23:09:29,236: INFO: common: yaml file: <_io.TextIOWrapper name='config\\config.yaml' mode='r' encoding='cp1252'> loaded successfully]
[2025-01-30 23:09:29,236: INFO: common: yaml file: <_io.TextIOWrapper name='params.yaml' mode='r' encoding='cp1252'> loaded successfully]
[2025-01-30 23:09:29,241: INFO: common: yaml file: <_io.TextIOWrapper name='schema.yaml' mode='r' encoding='cp1252'> loaded successfully]
[2025-01-30 23:09:29,241: INFO: common: Created directory at: artifacts]
[2025-01-30 23:09:29,241: INFO: common: Created directory at: artifacts/model_trainer]
[2025-01-30 23:11:09,371: INFO: common: yaml file: <_io.TextIOWrapper name='config\\config.yaml' mode='r' encoding='cp1252'> loaded successfully]
[2025-01-30 23:11:09,373: INFO: common: yaml file: <_io.TextIOWrapper name='params.yaml' mode='r' encoding='cp1252'> loaded successfully]
[2025-01-30 23:11:09,373: INFO: common: yaml file: <_io.TextIOWrapper name='schema.yaml' mode='r' encoding='cp1252'> loaded successfully]
[2025-01-30 23:11:09,380: INFO: common: Created directory at: artifacts]
[2025-01-30 23:11:09,380: INFO: common: Created directory at: artifacts/model_trainer]
[2025-01-30 23:23:22,024: INFO: main: >>>>>>> Stage Data Ingestion stage started <<<<<<<]
[2025-01-30 23:23:22,028: INFO: common: yaml file: <_io.TextIOWrapper name='config\\config.yaml' mode='r' encoding='cp1252'> loaded successfully]
[2025-01-30 23:23:22,028: INFO: common: yaml file: <_io.TextIOWrapper name='params.yaml' mode='r' encoding='cp1252'> loaded successfully]
[2025-01-30 23:23:22,030: INFO: common: yaml file: <_io.TextIOWrapper name='schema.yaml' mode='r' encoding='cp1252'> loaded successfully]
[2025-01-30 23:23:22,032: INFO: common: Created directory at: artifacts]
[2025-01-30 23:23:22,032: INFO: common: Created directory at: artifacts/data_ingestion]
[2025-01-30 23:23:23,273: INFO: data_ingestion: artifacts/data_ingestion/data.zip downloaded! with following info: 
Connection: close
Content-Length: 23329
Cache-Control: max-age=300
Content-Security-Policy: default-src 'none'; style-src 'unsafe-inline'; sandbox
Content-Type: application/zip
ETag: "c69888a4ae59bc5a893392785a938ccd4937981c06ba8a9d6a21aa52b4ab5b6e"
Strict-Transport-Security: max-age=31536000
X-Content-Type-Options: nosniff
X-Frame-Options: deny
X-XSS-Protection: 1; mode=block
X-GitHub-Request-Id: 6881:112206:2B6C08:3C1169:679BBC9E
Accept-Ranges: bytes
Date: Thu, 30 Jan 2025 17:53:35 GMT
Via: 1.1 varnish
X-Served-By: cache-bom4745-BOM
X-Cache: MISS
X-Cache-Hits: 0
X-Timer: S1738259615.570975,VS0,VE536
Vary: Authorization,Accept-Encoding,Origin
Access-Control-Allow-Origin: *
Cross-Origin-Resource-Policy: cross-origin
X-Fastly-Request-ID: e12b98467aebb0420e4dac8a2d1ad24220976080
Expires: Thu, 30 Jan 2025 17:58:35 GMT
Source-Age: 0

]
[2025-01-30 23:23:23,275: INFO: main: >>>>>>> Stage Data Ingestion stage completed <<<<<<<<

x=============x]
[2025-01-30 23:23:23,275: INFO: main: >>>>>>> Stage Data Validation stage started <<<<<<<]
[2025-01-30 23:23:23,285: INFO: common: yaml file: <_io.TextIOWrapper name='config\\config.yaml' mode='r' encoding='cp1252'> loaded successfully]
[2025-01-30 23:23:23,285: INFO: common: yaml file: <_io.TextIOWrapper name='params.yaml' mode='r' encoding='cp1252'> loaded successfully]
[2025-01-30 23:23:23,287: INFO: common: yaml file: <_io.TextIOWrapper name='schema.yaml' mode='r' encoding='cp1252'> loaded successfully]
[2025-01-30 23:23:23,287: INFO: common: Created directory at: artifacts]
[2025-01-30 23:23:23,289: INFO: common: Created directory at: artifacts/data_validation]
[2025-01-30 23:23:23,299: INFO: main: >>>>>>> Stage Data Validation stage completed <<<<<<<<

x=============x]
[2025-01-30 23:23:23,299: INFO: main: >>>>>>> Stage Data Tranformation stage started <<<<<<<]
[2025-01-30 23:23:23,299: INFO: main: >>>>>>> Stage Data Tranformation stage completed <<<<<<<<

x=============x]
[2025-01-30 23:23:23,299: INFO: main: >>>>>>> Stage Model Training stage started <<<<<<<]
[2025-01-30 23:23:23,301: INFO: common: yaml file: <_io.TextIOWrapper name='config\\config.yaml' mode='r' encoding='cp1252'> loaded successfully]
[2025-01-30 23:23:23,301: INFO: common: yaml file: <_io.TextIOWrapper name='params.yaml' mode='r' encoding='cp1252'> loaded successfully]
[2025-01-30 23:23:23,303: INFO: common: yaml file: <_io.TextIOWrapper name='schema.yaml' mode='r' encoding='cp1252'> loaded successfully]
[2025-01-30 23:23:23,303: INFO: common: Created directory at: artifacts]
[2025-01-30 23:24:13,523: INFO: main: >>>>>>> Stage Data Ingestion stage started <<<<<<<]
[2025-01-30 23:24:13,532: INFO: common: yaml file: <_io.TextIOWrapper name='config\\config.yaml' mode='r' encoding='cp1252'> loaded successfully]
[2025-01-30 23:24:13,532: INFO: common: yaml file: <_io.TextIOWrapper name='params.yaml' mode='r' encoding='cp1252'> loaded successfully]
[2025-01-30 23:24:13,532: INFO: common: yaml file: <_io.TextIOWrapper name='schema.yaml' mode='r' encoding='cp1252'> loaded successfully]
[2025-01-30 23:24:13,532: INFO: common: Created directory at: artifacts]
[2025-01-30 23:24:13,532: INFO: common: Created directory at: artifacts/data_ingestion]
[2025-01-30 23:24:13,799: INFO: data_ingestion: artifacts/data_ingestion/data.zip downloaded! with following info: 
Connection: close
Content-Length: 23329
Cache-Control: max-age=300
Content-Security-Policy: default-src 'none'; style-src 'unsafe-inline'; sandbox
Content-Type: application/zip
ETag: "c69888a4ae59bc5a893392785a938ccd4937981c06ba8a9d6a21aa52b4ab5b6e"
Strict-Transport-Security: max-age=31536000
X-Content-Type-Options: nosniff
X-Frame-Options: deny
X-XSS-Protection: 1; mode=block
X-GitHub-Request-Id: 6881:112206:2B6C08:3C1169:679BBC9E
Accept-Ranges: bytes
Date: Thu, 30 Jan 2025 17:54:25 GMT
Via: 1.1 varnish
X-Served-By: cache-bom4735-BOM
X-Cache: HIT
X-Cache-Hits: 1
X-Timer: S1738259666.644515,VS0,VE1
Vary: Authorization,Accept-Encoding,Origin
Access-Control-Allow-Origin: *
Cross-Origin-Resource-Policy: cross-origin
X-Fastly-Request-ID: 0c5aca8fcb1670cbccdb5126a4cef543e7522690
Expires: Thu, 30 Jan 2025 17:59:25 GMT
Source-Age: 51

]
[2025-01-30 23:24:13,799: INFO: main: >>>>>>> Stage Data Ingestion stage completed <<<<<<<<

x=============x]
[2025-01-30 23:24:13,799: INFO: main: >>>>>>> Stage Data Validation stage started <<<<<<<]
[2025-01-30 23:24:13,807: INFO: common: yaml file: <_io.TextIOWrapper name='config\\config.yaml' mode='r' encoding='cp1252'> loaded successfully]
[2025-01-30 23:24:13,807: INFO: common: yaml file: <_io.TextIOWrapper name='params.yaml' mode='r' encoding='cp1252'> loaded successfully]
[2025-01-30 23:24:13,807: INFO: common: yaml file: <_io.TextIOWrapper name='schema.yaml' mode='r' encoding='cp1252'> loaded successfully]
[2025-01-30 23:24:13,807: INFO: common: Created directory at: artifacts]
[2025-01-30 23:24:13,807: INFO: common: Created directory at: artifacts/data_validation]
[2025-01-30 23:24:13,828: INFO: main: >>>>>>> Stage Data Validation stage completed <<<<<<<<

x=============x]
[2025-01-30 23:24:13,828: INFO: main: >>>>>>> Stage Data Tranformation stage started <<<<<<<]
[2025-01-30 23:24:13,828: INFO: main: >>>>>>> Stage Data Tranformation stage completed <<<<<<<<

x=============x]
[2025-01-30 23:24:13,828: INFO: main: >>>>>>> Stage Model Training stage started <<<<<<<]
[2025-01-30 23:24:13,828: INFO: common: yaml file: <_io.TextIOWrapper name='config\\config.yaml' mode='r' encoding='cp1252'> loaded successfully]
[2025-01-30 23:24:13,832: INFO: common: yaml file: <_io.TextIOWrapper name='params.yaml' mode='r' encoding='cp1252'> loaded successfully]
[2025-01-30 23:24:13,832: INFO: common: yaml file: <_io.TextIOWrapper name='schema.yaml' mode='r' encoding='cp1252'> loaded successfully]
[2025-01-30 23:24:13,835: INFO: common: Created directory at: artifacts]
[2025-01-30 23:24:13,835: INFO: common: Created directory at: artifacts/model_trainer]
[2025-01-30 23:26:05,193: INFO: main: >>>>>>> Stage Data Ingestion stage started <<<<<<<]
[2025-01-30 23:26:05,193: INFO: common: yaml file: <_io.TextIOWrapper name='config\\config.yaml' mode='r' encoding='cp1252'> loaded successfully]
[2025-01-30 23:26:05,193: INFO: common: yaml file: <_io.TextIOWrapper name='params.yaml' mode='r' encoding='cp1252'> loaded successfully]
[2025-01-30 23:26:05,201: INFO: common: yaml file: <_io.TextIOWrapper name='schema.yaml' mode='r' encoding='cp1252'> loaded successfully]
[2025-01-30 23:26:05,204: INFO: common: Created directory at: artifacts]
[2025-01-30 23:26:05,205: INFO: common: Created directory at: artifacts/data_ingestion]
[2025-01-30 23:26:05,788: INFO: data_ingestion: artifacts/data_ingestion/data.zip downloaded! with following info: 
Connection: close
Content-Length: 23329
Cache-Control: max-age=300
Content-Security-Policy: default-src 'none'; style-src 'unsafe-inline'; sandbox
Content-Type: application/zip
ETag: "c69888a4ae59bc5a893392785a938ccd4937981c06ba8a9d6a21aa52b4ab5b6e"
Strict-Transport-Security: max-age=31536000
X-Content-Type-Options: nosniff
X-Frame-Options: deny
X-XSS-Protection: 1; mode=block
X-GitHub-Request-Id: 6881:112206:2B6C08:3C1169:679BBC9E
Accept-Ranges: bytes
Date: Thu, 30 Jan 2025 17:56:17 GMT
Via: 1.1 varnish
X-Served-By: cache-bom4721-BOM
X-Cache: HIT
X-Cache-Hits: 0
X-Timer: S1738259778.619663,VS0,VE1
Vary: Authorization,Accept-Encoding,Origin
Access-Control-Allow-Origin: *
Cross-Origin-Resource-Policy: cross-origin
X-Fastly-Request-ID: df0c22a3cb6373725fbf4246aee49961bb741f44
Expires: Thu, 30 Jan 2025 18:01:17 GMT
Source-Age: 163

]
[2025-01-30 23:26:05,793: INFO: main: >>>>>>> Stage Data Ingestion stage completed <<<<<<<<

x=============x]
[2025-01-30 23:26:05,793: INFO: main: >>>>>>> Stage Data Validation stage started <<<<<<<]
[2025-01-30 23:26:05,796: INFO: common: yaml file: <_io.TextIOWrapper name='config\\config.yaml' mode='r' encoding='cp1252'> loaded successfully]
[2025-01-30 23:26:05,796: INFO: common: yaml file: <_io.TextIOWrapper name='params.yaml' mode='r' encoding='cp1252'> loaded successfully]
[2025-01-30 23:26:05,796: INFO: common: yaml file: <_io.TextIOWrapper name='schema.yaml' mode='r' encoding='cp1252'> loaded successfully]
[2025-01-30 23:26:05,796: INFO: common: Created directory at: artifacts]
[2025-01-30 23:26:05,796: INFO: common: Created directory at: artifacts/data_validation]
[2025-01-30 23:26:05,812: INFO: main: >>>>>>> Stage Data Validation stage completed <<<<<<<<

x=============x]
[2025-01-30 23:26:05,812: INFO: main: >>>>>>> Stage Data Tranformation stage started <<<<<<<]
[2025-01-30 23:26:05,812: INFO: main: >>>>>>> Stage Data Tranformation stage completed <<<<<<<<

x=============x]
[2025-01-30 23:26:05,812: INFO: main: >>>>>>> Stage Model Training stage started <<<<<<<]
[2025-01-30 23:26:05,812: INFO: common: yaml file: <_io.TextIOWrapper name='config\\config.yaml' mode='r' encoding='cp1252'> loaded successfully]
[2025-01-30 23:26:05,812: INFO: common: yaml file: <_io.TextIOWrapper name='params.yaml' mode='r' encoding='cp1252'> loaded successfully]
[2025-01-30 23:26:05,821: INFO: common: yaml file: <_io.TextIOWrapper name='schema.yaml' mode='r' encoding='cp1252'> loaded successfully]
[2025-01-30 23:26:05,821: INFO: common: Created directory at: artifacts]
[2025-01-30 23:26:05,821: INFO: common: Created directory at: artifacts/model_trainer]
[2025-01-30 23:27:47,066: INFO: main: >>>>>>> Stage Data Ingestion stage started <<<<<<<]
[2025-01-30 23:27:47,070: INFO: common: yaml file: <_io.TextIOWrapper name='config\\config.yaml' mode='r' encoding='cp1252'> loaded successfully]
[2025-01-30 23:27:47,070: INFO: common: yaml file: <_io.TextIOWrapper name='params.yaml' mode='r' encoding='cp1252'> loaded successfully]
[2025-01-30 23:27:47,070: INFO: common: yaml file: <_io.TextIOWrapper name='schema.yaml' mode='r' encoding='cp1252'> loaded successfully]
[2025-01-30 23:27:47,070: INFO: common: Created directory at: artifacts]
[2025-01-30 23:27:47,075: INFO: common: Created directory at: artifacts/data_ingestion]
[2025-01-30 23:27:47,075: INFO: data_ingestion: File already exists of size: ~ 23 KB]
[2025-01-30 23:27:47,078: INFO: main: >>>>>>> Stage Data Ingestion stage completed <<<<<<<<

x=============x]
[2025-01-30 23:27:47,078: INFO: main: >>>>>>> Stage Data Validation stage started <<<<<<<]
[2025-01-30 23:27:47,078: INFO: common: yaml file: <_io.TextIOWrapper name='config\\config.yaml' mode='r' encoding='cp1252'> loaded successfully]
[2025-01-30 23:27:47,078: INFO: common: yaml file: <_io.TextIOWrapper name='params.yaml' mode='r' encoding='cp1252'> loaded successfully]
[2025-01-30 23:27:47,078: INFO: common: yaml file: <_io.TextIOWrapper name='schema.yaml' mode='r' encoding='cp1252'> loaded successfully]
[2025-01-30 23:27:47,078: INFO: common: Created directory at: artifacts]
[2025-01-30 23:27:47,078: INFO: common: Created directory at: artifacts/data_validation]
[2025-01-30 23:27:47,095: INFO: main: >>>>>>> Stage Data Validation stage completed <<<<<<<<

x=============x]
[2025-01-30 23:27:47,097: INFO: main: >>>>>>> Stage Data Tranformation stage started <<<<<<<]
[2025-01-30 23:27:47,097: INFO: main: >>>>>>> Stage Data Tranformation stage completed <<<<<<<<

x=============x]
[2025-01-30 23:27:47,097: INFO: main: >>>>>>> Stage Model Training stage started <<<<<<<]
[2025-01-30 23:27:47,099: INFO: common: yaml file: <_io.TextIOWrapper name='config\\config.yaml' mode='r' encoding='cp1252'> loaded successfully]
[2025-01-30 23:27:47,099: INFO: common: yaml file: <_io.TextIOWrapper name='params.yaml' mode='r' encoding='cp1252'> loaded successfully]
[2025-01-30 23:27:47,099: INFO: common: yaml file: <_io.TextIOWrapper name='schema.yaml' mode='r' encoding='cp1252'> loaded successfully]
[2025-01-30 23:27:47,104: INFO: common: Created directory at: artifacts]
[2025-01-30 23:27:47,104: INFO: common: Created directory at: artifacts/model_trainer]
[2025-01-30 23:29:03,186: INFO: main: >>>>>>> Stage Data Ingestion stage started <<<<<<<]
[2025-01-30 23:29:03,186: INFO: common: yaml file: <_io.TextIOWrapper name='config\\config.yaml' mode='r' encoding='cp1252'> loaded successfully]
[2025-01-30 23:29:03,186: INFO: common: yaml file: <_io.TextIOWrapper name='params.yaml' mode='r' encoding='cp1252'> loaded successfully]
[2025-01-30 23:29:03,195: INFO: common: yaml file: <_io.TextIOWrapper name='schema.yaml' mode='r' encoding='cp1252'> loaded successfully]
[2025-01-30 23:29:03,195: INFO: common: Created directory at: artifacts]
[2025-01-30 23:29:03,195: INFO: common: Created directory at: artifacts/data_ingestion]
[2025-01-30 23:29:04,079: INFO: data_ingestion: artifacts/data_ingestion/data.zip downloaded! with following info: 
Connection: close
Content-Length: 23329
Cache-Control: max-age=300
Content-Security-Policy: default-src 'none'; style-src 'unsafe-inline'; sandbox
Content-Type: application/zip
ETag: "c69888a4ae59bc5a893392785a938ccd4937981c06ba8a9d6a21aa52b4ab5b6e"
Strict-Transport-Security: max-age=31536000
X-Content-Type-Options: nosniff
X-Frame-Options: deny
X-XSS-Protection: 1; mode=block
X-GitHub-Request-Id: 6881:112206:2B6C08:3C1169:679BBC9E
Accept-Ranges: bytes
Date: Thu, 30 Jan 2025 17:59:15 GMT
Via: 1.1 varnish
X-Served-By: cache-bom4749-BOM
X-Cache: HIT
X-Cache-Hits: 0
X-Timer: S1738259956.621003,VS0,VE298
Vary: Authorization,Accept-Encoding,Origin
Access-Control-Allow-Origin: *
Cross-Origin-Resource-Policy: cross-origin
X-Fastly-Request-ID: 8fb405d6f7c9acbf2223c465da1c1d105632f8b7
Expires: Thu, 30 Jan 2025 18:04:15 GMT
Source-Age: 0

]
[2025-01-30 23:29:04,087: INFO: main: >>>>>>> Stage Data Ingestion stage completed <<<<<<<<

x=============x]
[2025-01-30 23:29:04,087: INFO: main: >>>>>>> Stage Data Validation stage started <<<<<<<]
[2025-01-30 23:29:04,087: INFO: common: yaml file: <_io.TextIOWrapper name='config\\config.yaml' mode='r' encoding='cp1252'> loaded successfully]
[2025-01-30 23:29:04,087: INFO: common: yaml file: <_io.TextIOWrapper name='params.yaml' mode='r' encoding='cp1252'> loaded successfully]
[2025-01-30 23:29:04,095: INFO: common: yaml file: <_io.TextIOWrapper name='schema.yaml' mode='r' encoding='cp1252'> loaded successfully]
[2025-01-30 23:29:04,095: INFO: common: Created directory at: artifacts]
[2025-01-30 23:29:04,095: INFO: common: Created directory at: artifacts/data_validation]
[2025-01-30 23:29:04,108: INFO: main: >>>>>>> Stage Data Validation stage completed <<<<<<<<

x=============x]
[2025-01-30 23:29:04,108: INFO: main: >>>>>>> Stage Data Tranformation stage started <<<<<<<]
[2025-01-30 23:29:04,108: INFO: main: >>>>>>> Stage Data Tranformation stage completed <<<<<<<<

x=============x]
[2025-01-30 23:36:22,103: INFO: main: >>>>>>> Stage Data Ingestion stage started <<<<<<<]
[2025-01-30 23:36:22,111: INFO: common: yaml file: <_io.TextIOWrapper name='config\\config.yaml' mode='r' encoding='cp1252'> loaded successfully]
[2025-01-30 23:36:22,116: INFO: common: yaml file: <_io.TextIOWrapper name='params.yaml' mode='r' encoding='cp1252'> loaded successfully]
[2025-01-30 23:36:22,118: INFO: common: yaml file: <_io.TextIOWrapper name='schema.yaml' mode='r' encoding='cp1252'> loaded successfully]
[2025-01-30 23:36:22,118: INFO: common: Created directory at: artifacts]
[2025-01-30 23:36:22,119: INFO: common: Created directory at: artifacts/data_ingestion]
[2025-01-30 23:36:22,980: INFO: data_ingestion: artifacts/data_ingestion/data.zip downloaded! with following info: 
Connection: close
Content-Length: 23329
Cache-Control: max-age=300
Content-Security-Policy: default-src 'none'; style-src 'unsafe-inline'; sandbox
Content-Type: application/zip
ETag: "c69888a4ae59bc5a893392785a938ccd4937981c06ba8a9d6a21aa52b4ab5b6e"
Strict-Transport-Security: max-age=31536000
X-Content-Type-Options: nosniff
X-Frame-Options: deny
X-XSS-Protection: 1; mode=block
X-GitHub-Request-Id: 6881:112206:2B6C08:3C1169:679BBC9E
Accept-Ranges: bytes
Date: Thu, 30 Jan 2025 18:06:34 GMT
Via: 1.1 varnish
X-Served-By: cache-bom4736-BOM
X-Cache: HIT
X-Cache-Hits: 0
X-Timer: S1738260395.586689,VS0,VE232
Vary: Authorization,Accept-Encoding,Origin
Access-Control-Allow-Origin: *
Cross-Origin-Resource-Policy: cross-origin
X-Fastly-Request-ID: 4248abe7a22efbeb14f64e86d4250e14e1e8973e
Expires: Thu, 30 Jan 2025 18:11:34 GMT
Source-Age: 0

]
[2025-01-30 23:36:22,987: INFO: main: >>>>>>> Stage Data Ingestion stage completed <<<<<<<<

x=============x]
[2025-01-30 23:36:22,988: INFO: main: >>>>>>> Stage Data Validation stage started <<<<<<<]
[2025-01-30 23:36:22,989: INFO: common: yaml file: <_io.TextIOWrapper name='config\\config.yaml' mode='r' encoding='cp1252'> loaded successfully]
[2025-01-30 23:36:22,989: INFO: common: yaml file: <_io.TextIOWrapper name='params.yaml' mode='r' encoding='cp1252'> loaded successfully]
[2025-01-30 23:36:22,989: INFO: common: yaml file: <_io.TextIOWrapper name='schema.yaml' mode='r' encoding='cp1252'> loaded successfully]
[2025-01-30 23:36:22,989: INFO: common: Created directory at: artifacts]
[2025-01-30 23:36:22,989: INFO: common: Created directory at: artifacts/data_validation]
[2025-01-30 23:36:23,005: INFO: main: >>>>>>> Stage Data Validation stage completed <<<<<<<<

x=============x]
[2025-01-30 23:36:23,005: INFO: main: >>>>>>> Stage Data Transformation stage started <<<<<<<]
[2025-01-30 23:36:23,005: INFO: main: >>>>>>> Stage Data Transformation stage completed <<<<<<<<

x=============x]
[2025-01-30 23:36:23,005: INFO: main: >>>>>>> Stage Model Training stage started <<<<<<<]
[2025-01-30 23:36:23,005: INFO: common: yaml file: <_io.TextIOWrapper name='config\\config.yaml' mode='r' encoding='cp1252'> loaded successfully]
[2025-01-30 23:36:23,005: INFO: common: yaml file: <_io.TextIOWrapper name='params.yaml' mode='r' encoding='cp1252'> loaded successfully]
[2025-01-30 23:36:23,012: INFO: common: yaml file: <_io.TextIOWrapper name='schema.yaml' mode='r' encoding='cp1252'> loaded successfully]
[2025-01-30 23:36:23,013: INFO: common: Created directory at: artifacts]
[2025-01-30 23:36:23,015: INFO: common: Created directory at: artifacts/model_trainer]
[2025-01-30 23:38:19,700: INFO: main: >>>>>>> Stage Data Ingestion stage started <<<<<<<]
[2025-01-30 23:38:19,702: INFO: common: yaml file: <_io.TextIOWrapper name='config\\config.yaml' mode='r' encoding='cp1252'> loaded successfully]
[2025-01-30 23:38:19,703: INFO: common: yaml file: <_io.TextIOWrapper name='params.yaml' mode='r' encoding='cp1252'> loaded successfully]
[2025-01-30 23:38:19,704: INFO: common: yaml file: <_io.TextIOWrapper name='schema.yaml' mode='r' encoding='cp1252'> loaded successfully]
[2025-01-30 23:38:19,705: INFO: common: Created directory at: artifacts]
[2025-01-30 23:38:19,705: INFO: common: Created directory at: artifacts/data_ingestion]
[2025-01-30 23:38:20,116: INFO: data_ingestion: artifacts/data_ingestion/data.zip downloaded! with following info: 
Connection: close
Content-Length: 23329
Cache-Control: max-age=300
Content-Security-Policy: default-src 'none'; style-src 'unsafe-inline'; sandbox
Content-Type: application/zip
ETag: "c69888a4ae59bc5a893392785a938ccd4937981c06ba8a9d6a21aa52b4ab5b6e"
Strict-Transport-Security: max-age=31536000
X-Content-Type-Options: nosniff
X-Frame-Options: deny
X-XSS-Protection: 1; mode=block
X-GitHub-Request-Id: 6881:112206:2B6C08:3C1169:679BBC9E
Accept-Ranges: bytes
Date: Thu, 30 Jan 2025 18:08:31 GMT
Via: 1.1 varnish
X-Served-By: cache-bom4722-BOM
X-Cache: HIT
X-Cache-Hits: 0
X-Timer: S1738260512.950566,VS0,VE1
Vary: Authorization,Accept-Encoding,Origin
Access-Control-Allow-Origin: *
Cross-Origin-Resource-Policy: cross-origin
X-Fastly-Request-ID: 1231300fa2c3b7647fbb5d42f13ab71ae3b86010
Expires: Thu, 30 Jan 2025 18:13:31 GMT
Source-Age: 117

]
[2025-01-30 23:38:20,118: INFO: main: >>>>>>> Stage Data Ingestion stage completed <<<<<<<<

x=============x]
[2025-01-30 23:38:20,118: INFO: main: >>>>>>> Stage Data Validation stage started <<<<<<<]
[2025-01-30 23:38:20,119: INFO: common: yaml file: <_io.TextIOWrapper name='config\\config.yaml' mode='r' encoding='cp1252'> loaded successfully]
[2025-01-30 23:38:20,120: INFO: common: yaml file: <_io.TextIOWrapper name='params.yaml' mode='r' encoding='cp1252'> loaded successfully]
[2025-01-30 23:38:20,121: INFO: common: yaml file: <_io.TextIOWrapper name='schema.yaml' mode='r' encoding='cp1252'> loaded successfully]
[2025-01-30 23:38:20,121: INFO: common: Created directory at: artifacts]
[2025-01-30 23:38:20,121: INFO: common: Created directory at: artifacts/data_validation]
[2025-01-30 23:38:20,129: INFO: main: >>>>>>> Stage Data Validation stage completed <<<<<<<<

x=============x]
[2025-01-30 23:38:20,129: INFO: main: >>>>>>> Stage Data Transformation stage started <<<<<<<]
[2025-01-30 23:38:20,130: INFO: common: yaml file: <_io.TextIOWrapper name='config\\config.yaml' mode='r' encoding='cp1252'> loaded successfully]
[2025-01-30 23:38:20,131: INFO: common: yaml file: <_io.TextIOWrapper name='params.yaml' mode='r' encoding='cp1252'> loaded successfully]
[2025-01-30 23:38:20,132: INFO: common: yaml file: <_io.TextIOWrapper name='schema.yaml' mode='r' encoding='cp1252'> loaded successfully]
[2025-01-30 23:38:20,132: INFO: common: Created directory at: artifacts]
[2025-01-30 23:38:20,139: INFO: common: Created directory at: artifacts/data_transformation]
[2025-01-30 23:38:20,155: INFO: data_transformation: Split data into training and testing sets]
[2025-01-30 23:38:20,155: INFO: data_transformation: (1199, 12)]
[2025-01-30 23:38:20,156: INFO: data_transformation: (400, 12)]
[2025-01-30 23:38:20,156: INFO: main: >>>>>>> Stage Data Transformation stage completed <<<<<<<<

x=============x]
[2025-01-30 23:38:20,156: INFO: main: >>>>>>> Stage Model Training stage started <<<<<<<]
[2025-01-30 23:38:20,157: INFO: common: yaml file: <_io.TextIOWrapper name='config\\config.yaml' mode='r' encoding='cp1252'> loaded successfully]
[2025-01-30 23:38:20,158: INFO: common: yaml file: <_io.TextIOWrapper name='params.yaml' mode='r' encoding='cp1252'> loaded successfully]
[2025-01-30 23:38:20,159: INFO: common: yaml file: <_io.TextIOWrapper name='schema.yaml' mode='r' encoding='cp1252'> loaded successfully]
[2025-01-30 23:38:20,159: INFO: common: Created directory at: artifacts]
[2025-01-30 23:38:20,160: INFO: common: Created directory at: artifacts/model_trainer]
[2025-01-30 23:38:20,167: INFO: main: >>>>>>> Stage Model Training stage completed <<<<<<<<

x=============x]
[2025-01-31 23:42:57,053: INFO: common: yaml file: <_io.TextIOWrapper name='config\\config.yaml' mode='r' encoding='cp1252'> loaded successfully]
[2025-01-31 23:42:57,060: INFO: common: yaml file: <_io.TextIOWrapper name='params.yaml' mode='r' encoding='cp1252'> loaded successfully]
[2025-01-31 23:42:57,062: INFO: common: yaml file: <_io.TextIOWrapper name='schema.yaml' mode='r' encoding='cp1252'> loaded successfully]
[2025-01-31 23:42:57,063: INFO: common: Created directory at: artifacts]
[2025-01-31 23:53:18,224: INFO: common: yaml file: <_io.TextIOWrapper name='config\\config.yaml' mode='r' encoding='cp1252'> loaded successfully]
[2025-01-31 23:53:18,229: INFO: common: yaml file: <_io.TextIOWrapper name='params.yaml' mode='r' encoding='cp1252'> loaded successfully]
[2025-01-31 23:53:18,231: INFO: common: yaml file: <_io.TextIOWrapper name='schema.yaml' mode='r' encoding='cp1252'> loaded successfully]
[2025-01-31 23:53:18,232: INFO: common: Created directory at: artifacts]
[2025-01-31 23:54:12,938: INFO: common: yaml file: <_io.TextIOWrapper name='config\\config.yaml' mode='r' encoding='cp1252'> loaded successfully]
[2025-01-31 23:54:12,938: INFO: common: yaml file: <_io.TextIOWrapper name='params.yaml' mode='r' encoding='cp1252'> loaded successfully]
[2025-01-31 23:54:12,938: INFO: common: yaml file: <_io.TextIOWrapper name='schema.yaml' mode='r' encoding='cp1252'> loaded successfully]
[2025-01-31 23:54:12,944: INFO: common: Created directory at: artifacts]
[2025-01-31 23:55:20,884: INFO: common: yaml file: <_io.TextIOWrapper name='config\\config.yaml' mode='r' encoding='cp1252'> loaded successfully]
[2025-01-31 23:55:20,886: INFO: common: yaml file: <_io.TextIOWrapper name='params.yaml' mode='r' encoding='cp1252'> loaded successfully]
[2025-01-31 23:55:20,890: INFO: common: yaml file: <_io.TextIOWrapper name='schema.yaml' mode='r' encoding='cp1252'> loaded successfully]
[2025-01-31 23:55:20,890: INFO: common: Created directory at: artifacts]
[2025-01-31 23:55:42,852: INFO: common: yaml file: <_io.TextIOWrapper name='config\\config.yaml' mode='r' encoding='cp1252'> loaded successfully]
[2025-01-31 23:55:42,854: INFO: common: yaml file: <_io.TextIOWrapper name='params.yaml' mode='r' encoding='cp1252'> loaded successfully]
[2025-01-31 23:55:42,856: INFO: common: yaml file: <_io.TextIOWrapper name='schema.yaml' mode='r' encoding='cp1252'> loaded successfully]
[2025-01-31 23:55:42,858: INFO: common: Created directory at: artifacts]
[2025-02-01 12:04:55,645: INFO: common: yaml file: <_io.TextIOWrapper name='config\\config.yaml' mode='r' encoding='cp1252'> loaded successfully]
[2025-02-01 12:04:55,651: INFO: common: yaml file: <_io.TextIOWrapper name='params.yaml' mode='r' encoding='cp1252'> loaded successfully]
[2025-02-01 12:04:55,656: INFO: common: yaml file: <_io.TextIOWrapper name='schema.yaml' mode='r' encoding='cp1252'> loaded successfully]
[2025-02-01 12:04:55,659: INFO: common: Created directory at: artifacts]
[2025-02-01 12:17:18,081: INFO: common: yaml file: <_io.TextIOWrapper name='config\\config.yaml' mode='r' encoding='cp1252'> loaded successfully]
[2025-02-01 12:17:18,081: INFO: common: yaml file: <_io.TextIOWrapper name='params.yaml' mode='r' encoding='cp1252'> loaded successfully]
[2025-02-01 12:17:18,091: INFO: common: yaml file: <_io.TextIOWrapper name='schema.yaml' mode='r' encoding='cp1252'> loaded successfully]
[2025-02-01 12:17:18,093: INFO: common: Created directory at: artifacts]
[2025-02-01 12:22:46,542: INFO: common: yaml file: <_io.TextIOWrapper name='config\\config.yaml' mode='r' encoding='cp1252'> loaded successfully]
[2025-02-01 12:22:46,545: INFO: common: yaml file: <_io.TextIOWrapper name='params.yaml' mode='r' encoding='cp1252'> loaded successfully]
[2025-02-01 12:22:46,551: INFO: common: yaml file: <_io.TextIOWrapper name='schema.yaml' mode='r' encoding='cp1252'> loaded successfully]
[2025-02-01 12:22:46,551: INFO: common: Created directory at: artifacts]
[2025-02-01 12:29:15,126: INFO: common: yaml file: <_io.TextIOWrapper name='config\\config.yaml' mode='r' encoding='cp1252'> loaded successfully]
[2025-02-01 12:29:15,128: INFO: common: yaml file: <_io.TextIOWrapper name='params.yaml' mode='r' encoding='cp1252'> loaded successfully]
[2025-02-01 12:29:15,135: INFO: common: yaml file: <_io.TextIOWrapper name='schema.yaml' mode='r' encoding='cp1252'> loaded successfully]
[2025-02-01 12:29:15,137: INFO: common: Created directory at: artifacts]
[2025-02-01 12:29:15,189: WARNING: connectionpool: Retrying (Retry(total=4, connect=5, read=4, redirect=5, status=5)) after connection broken by 'ProtocolError('Connection aborted.', RemoteDisconnected('Remote end closed connection without response'))': /Harshvardhan2164/MLOPS-Project.mlflow/api/2.0/mlflow/runs/create]
[2025-02-01 12:31:42,061: INFO: common: yaml file: <_io.TextIOWrapper name='config\\config.yaml' mode='r' encoding='cp1252'> loaded successfully]
[2025-02-01 12:31:42,061: INFO: common: yaml file: <_io.TextIOWrapper name='params.yaml' mode='r' encoding='cp1252'> loaded successfully]
[2025-02-01 12:31:42,069: INFO: common: yaml file: <_io.TextIOWrapper name='schema.yaml' mode='r' encoding='cp1252'> loaded successfully]
[2025-02-01 12:31:42,069: INFO: common: Created directory at: artifacts]
[2025-02-01 12:47:52,944: INFO: main: >>>>>>> Stage Data Ingestion stage started <<<<<<<]
[2025-02-01 12:47:52,952: INFO: common: yaml file: <_io.TextIOWrapper name='config\\config.yaml' mode='r' encoding='cp1252'> loaded successfully]
[2025-02-01 12:47:52,952: INFO: common: yaml file: <_io.TextIOWrapper name='params.yaml' mode='r' encoding='cp1252'> loaded successfully]
[2025-02-01 12:47:52,952: INFO: common: yaml file: <_io.TextIOWrapper name='schema.yaml' mode='r' encoding='cp1252'> loaded successfully]
[2025-02-01 12:47:52,952: INFO: common: Created directory at: artifacts]
[2025-02-01 12:47:52,952: INFO: common: Created directory at: artifacts/data_ingestion]
[2025-02-01 12:47:54,194: INFO: data_ingestion: artifacts/data_ingestion/data.zip downloaded! with following info: 
Connection: close
Content-Length: 23329
Cache-Control: max-age=300
Content-Security-Policy: default-src 'none'; style-src 'unsafe-inline'; sandbox
Content-Type: application/zip
ETag: "c69888a4ae59bc5a893392785a938ccd4937981c06ba8a9d6a21aa52b4ab5b6e"
Strict-Transport-Security: max-age=31536000
X-Content-Type-Options: nosniff
X-Frame-Options: deny
X-XSS-Protection: 1; mode=block
X-GitHub-Request-Id: F693:2576AA:3D0A85:5631B9:679DCAAF
Accept-Ranges: bytes
Date: Sat, 01 Feb 2025 07:18:07 GMT
Via: 1.1 varnish
X-Served-By: cache-bom4722-BOM
X-Cache: MISS
X-Cache-Hits: 0
X-Timer: S1738394287.167825,VS0,VE470
Vary: Authorization,Accept-Encoding,Origin
Access-Control-Allow-Origin: *
Cross-Origin-Resource-Policy: cross-origin
X-Fastly-Request-ID: ae46f3fc97e97c225e2ea841df6a9c53b754cfeb
Expires: Sat, 01 Feb 2025 07:23:07 GMT
Source-Age: 0

]
[2025-02-01 12:47:54,201: INFO: main: >>>>>>> Stage Data Ingestion stage completed <<<<<<<<

x=============x]
[2025-02-01 12:47:54,201: INFO: main: >>>>>>> Stage Data Validation stage started <<<<<<<]
[2025-02-01 12:47:54,204: INFO: common: yaml file: <_io.TextIOWrapper name='config\\config.yaml' mode='r' encoding='cp1252'> loaded successfully]
[2025-02-01 12:47:54,204: INFO: common: yaml file: <_io.TextIOWrapper name='params.yaml' mode='r' encoding='cp1252'> loaded successfully]
[2025-02-01 12:47:54,204: INFO: common: yaml file: <_io.TextIOWrapper name='schema.yaml' mode='r' encoding='cp1252'> loaded successfully]
[2025-02-01 12:47:54,204: INFO: common: Created directory at: artifacts]
[2025-02-01 12:47:54,204: INFO: common: Created directory at: artifacts/data_validation]
[2025-02-01 12:47:54,221: INFO: main: >>>>>>> Stage Data Validation stage completed <<<<<<<<

x=============x]
[2025-02-01 12:47:54,223: INFO: main: >>>>>>> Stage Data Transformation stage started <<<<<<<]
[2025-02-01 12:47:54,226: INFO: common: yaml file: <_io.TextIOWrapper name='config\\config.yaml' mode='r' encoding='cp1252'> loaded successfully]
[2025-02-01 12:47:54,226: INFO: common: yaml file: <_io.TextIOWrapper name='params.yaml' mode='r' encoding='cp1252'> loaded successfully]
[2025-02-01 12:47:54,228: INFO: common: yaml file: <_io.TextIOWrapper name='schema.yaml' mode='r' encoding='cp1252'> loaded successfully]
[2025-02-01 12:47:54,228: INFO: common: Created directory at: artifacts]
[2025-02-01 12:47:54,230: INFO: common: Created directory at: artifacts/data_transformation]
[2025-02-01 12:47:54,251: INFO: data_transformation: Split data into training and testing sets]
[2025-02-01 12:47:54,251: INFO: data_transformation: (1199, 12)]
[2025-02-01 12:47:54,251: INFO: data_transformation: (400, 12)]
[2025-02-01 12:47:54,251: INFO: main: >>>>>>> Stage Data Transformation stage completed <<<<<<<<

x=============x]
[2025-02-01 12:47:54,251: INFO: main: >>>>>>> Stage Model Training stage started <<<<<<<]
[2025-02-01 12:47:54,251: INFO: common: yaml file: <_io.TextIOWrapper name='config\\config.yaml' mode='r' encoding='cp1252'> loaded successfully]
[2025-02-01 12:47:54,251: INFO: common: yaml file: <_io.TextIOWrapper name='params.yaml' mode='r' encoding='cp1252'> loaded successfully]
[2025-02-01 12:47:54,259: INFO: common: yaml file: <_io.TextIOWrapper name='schema.yaml' mode='r' encoding='cp1252'> loaded successfully]
[2025-02-01 12:47:54,259: INFO: common: Created directory at: artifacts]
[2025-02-01 12:47:54,259: INFO: common: Created directory at: artifacts/model_trainer]
[2025-02-01 12:47:54,284: INFO: main: >>>>>>> Stage Model Training stage completed <<<<<<<<

x=============x]
[2025-02-01 12:47:54,284: INFO: main: >>>>>>> Stage Model Evaluation stage started <<<<<<<]
[2025-02-01 12:47:54,284: INFO: common: yaml file: <_io.TextIOWrapper name='config\\config.yaml' mode='r' encoding='cp1252'> loaded successfully]
[2025-02-01 12:47:54,291: INFO: common: yaml file: <_io.TextIOWrapper name='params.yaml' mode='r' encoding='cp1252'> loaded successfully]
[2025-02-01 12:47:54,292: INFO: common: yaml file: <_io.TextIOWrapper name='schema.yaml' mode='r' encoding='cp1252'> loaded successfully]
[2025-02-01 12:47:54,292: INFO: common: Created directory at: artifacts]
[2025-02-01 12:47:54,292: INFO: common: Created directory at: artifacts/model_trainer]
[2025-02-01 12:47:54,301: INFO: main: >>>>>>> Stage Model Evaluation stage completed <<<<<<<<

x=============x]
[2025-02-01 12:49:50,908: INFO: main: >>>>>>> Stage Data Ingestion stage started <<<<<<<]
[2025-02-01 12:49:50,908: INFO: common: yaml file: <_io.TextIOWrapper name='config\\config.yaml' mode='r' encoding='cp1252'> loaded successfully]
[2025-02-01 12:49:50,908: INFO: common: yaml file: <_io.TextIOWrapper name='params.yaml' mode='r' encoding='cp1252'> loaded successfully]
[2025-02-01 12:49:50,924: INFO: common: yaml file: <_io.TextIOWrapper name='schema.yaml' mode='r' encoding='cp1252'> loaded successfully]
[2025-02-01 12:49:50,924: INFO: common: Created directory at: artifacts]
[2025-02-01 12:49:50,926: INFO: common: Created directory at: artifacts/data_ingestion]
[2025-02-01 12:49:51,207: INFO: data_ingestion: artifacts/data_ingestion/data.zip downloaded! with following info: 
Connection: close
Content-Length: 23329
Cache-Control: max-age=300
Content-Security-Policy: default-src 'none'; style-src 'unsafe-inline'; sandbox
Content-Type: application/zip
ETag: "c69888a4ae59bc5a893392785a938ccd4937981c06ba8a9d6a21aa52b4ab5b6e"
Strict-Transport-Security: max-age=31536000
X-Content-Type-Options: nosniff
X-Frame-Options: deny
X-XSS-Protection: 1; mode=block
X-GitHub-Request-Id: F693:2576AA:3D0A85:5631B9:679DCAAF
Accept-Ranges: bytes
Date: Sat, 01 Feb 2025 07:20:04 GMT
Via: 1.1 varnish
X-Served-By: cache-bom4736-BOM
X-Cache: HIT
X-Cache-Hits: 0
X-Timer: S1738394405.651413,VS0,VE1
Vary: Authorization,Accept-Encoding,Origin
Access-Control-Allow-Origin: *
Cross-Origin-Resource-Policy: cross-origin
X-Fastly-Request-ID: 5b5305efd0241e59bbbcb506cf83116b10ee2338
Expires: Sat, 01 Feb 2025 07:25:04 GMT
Source-Age: 117

]
[2025-02-01 12:49:51,211: INFO: main: >>>>>>> Stage Data Ingestion stage completed <<<<<<<<

x=============x]
[2025-02-01 12:49:51,211: INFO: main: >>>>>>> Stage Data Validation stage started <<<<<<<]
[2025-02-01 12:49:51,211: INFO: common: yaml file: <_io.TextIOWrapper name='config\\config.yaml' mode='r' encoding='cp1252'> loaded successfully]
[2025-02-01 12:49:51,211: INFO: common: yaml file: <_io.TextIOWrapper name='params.yaml' mode='r' encoding='cp1252'> loaded successfully]
[2025-02-01 12:49:51,211: INFO: common: yaml file: <_io.TextIOWrapper name='schema.yaml' mode='r' encoding='cp1252'> loaded successfully]
[2025-02-01 12:49:51,211: INFO: common: Created directory at: artifacts]
[2025-02-01 12:49:51,211: INFO: common: Created directory at: artifacts/data_validation]
[2025-02-01 12:49:51,233: INFO: main: >>>>>>> Stage Data Validation stage completed <<<<<<<<

x=============x]
[2025-02-01 12:49:51,233: INFO: main: >>>>>>> Stage Data Transformation stage started <<<<<<<]
[2025-02-01 12:49:51,233: INFO: common: yaml file: <_io.TextIOWrapper name='config\\config.yaml' mode='r' encoding='cp1252'> loaded successfully]
[2025-02-01 12:49:51,239: INFO: common: yaml file: <_io.TextIOWrapper name='params.yaml' mode='r' encoding='cp1252'> loaded successfully]
[2025-02-01 12:49:51,239: INFO: common: yaml file: <_io.TextIOWrapper name='schema.yaml' mode='r' encoding='cp1252'> loaded successfully]
[2025-02-01 12:49:51,239: INFO: common: Created directory at: artifacts]
[2025-02-01 12:49:51,245: INFO: common: Created directory at: artifacts/data_transformation]
[2025-02-01 12:49:51,261: INFO: data_transformation: Split data into training and testing sets]
[2025-02-01 12:49:51,261: INFO: data_transformation: (1199, 12)]
[2025-02-01 12:49:51,261: INFO: data_transformation: (400, 12)]
[2025-02-01 12:49:51,261: INFO: main: >>>>>>> Stage Data Transformation stage completed <<<<<<<<

x=============x]
[2025-02-01 12:49:51,261: INFO: main: >>>>>>> Stage Model Training stage started <<<<<<<]
[2025-02-01 12:49:51,271: INFO: common: yaml file: <_io.TextIOWrapper name='config\\config.yaml' mode='r' encoding='cp1252'> loaded successfully]
[2025-02-01 12:49:51,271: INFO: common: yaml file: <_io.TextIOWrapper name='params.yaml' mode='r' encoding='cp1252'> loaded successfully]
[2025-02-01 12:49:51,271: INFO: common: yaml file: <_io.TextIOWrapper name='schema.yaml' mode='r' encoding='cp1252'> loaded successfully]
[2025-02-01 12:49:51,271: INFO: common: Created directory at: artifacts]
[2025-02-01 12:49:51,271: INFO: common: Created directory at: artifacts/model_trainer]
[2025-02-01 12:49:51,287: INFO: main: >>>>>>> Stage Model Training stage completed <<<<<<<<

x=============x]
[2025-02-01 12:49:51,287: INFO: main: >>>>>>> Stage Model Evaluation stage started <<<<<<<]
[2025-02-01 12:49:51,287: INFO: common: yaml file: <_io.TextIOWrapper name='config\\config.yaml' mode='r' encoding='cp1252'> loaded successfully]
[2025-02-01 12:49:51,287: INFO: common: yaml file: <_io.TextIOWrapper name='params.yaml' mode='r' encoding='cp1252'> loaded successfully]
[2025-02-01 12:49:51,287: INFO: common: yaml file: <_io.TextIOWrapper name='schema.yaml' mode='r' encoding='cp1252'> loaded successfully]
[2025-02-01 12:49:51,287: INFO: common: Created directory at: artifacts]
[2025-02-01 12:51:28,237: INFO: main: >>>>>>> Stage Data Ingestion stage started <<<<<<<]
[2025-02-01 12:51:28,243: INFO: common: yaml file: <_io.TextIOWrapper name='config\\config.yaml' mode='r' encoding='cp1252'> loaded successfully]
[2025-02-01 12:51:28,243: INFO: common: yaml file: <_io.TextIOWrapper name='params.yaml' mode='r' encoding='cp1252'> loaded successfully]
[2025-02-01 12:51:28,247: INFO: common: yaml file: <_io.TextIOWrapper name='schema.yaml' mode='r' encoding='cp1252'> loaded successfully]
[2025-02-01 12:51:28,247: INFO: common: Created directory at: artifacts]
[2025-02-01 12:51:28,247: INFO: common: Created directory at: artifacts/data_ingestion]
[2025-02-01 12:51:28,836: INFO: data_ingestion: artifacts/data_ingestion/data.zip downloaded! with following info: 
Connection: close
Content-Length: 23329
Cache-Control: max-age=300
Content-Security-Policy: default-src 'none'; style-src 'unsafe-inline'; sandbox
Content-Type: application/zip
ETag: "c69888a4ae59bc5a893392785a938ccd4937981c06ba8a9d6a21aa52b4ab5b6e"
Strict-Transport-Security: max-age=31536000
X-Content-Type-Options: nosniff
X-Frame-Options: deny
X-XSS-Protection: 1; mode=block
X-GitHub-Request-Id: F693:2576AA:3D0A85:5631B9:679DCAAF
Accept-Ranges: bytes
Date: Sat, 01 Feb 2025 07:21:42 GMT
Via: 1.1 varnish
X-Served-By: cache-bom4722-BOM
X-Cache: HIT
X-Cache-Hits: 0
X-Timer: S1738394502.278765,VS0,VE1
Vary: Authorization,Accept-Encoding,Origin
Access-Control-Allow-Origin: *
Cross-Origin-Resource-Policy: cross-origin
X-Fastly-Request-ID: 279cbea6591e728746b14365fda55c72d3d34e56
Expires: Sat, 01 Feb 2025 07:26:42 GMT
Source-Age: 215

]
[2025-02-01 12:51:28,841: INFO: main: >>>>>>> Stage Data Ingestion stage completed <<<<<<<<

x=============x]
[2025-02-01 12:51:28,841: INFO: main: >>>>>>> Stage Data Validation stage started <<<<<<<]
[2025-02-01 12:51:28,845: INFO: common: yaml file: <_io.TextIOWrapper name='config\\config.yaml' mode='r' encoding='cp1252'> loaded successfully]
[2025-02-01 12:51:28,845: INFO: common: yaml file: <_io.TextIOWrapper name='params.yaml' mode='r' encoding='cp1252'> loaded successfully]
[2025-02-01 12:51:28,848: INFO: common: yaml file: <_io.TextIOWrapper name='schema.yaml' mode='r' encoding='cp1252'> loaded successfully]
[2025-02-01 12:51:28,848: INFO: common: Created directory at: artifacts]
[2025-02-01 12:51:28,848: INFO: common: Created directory at: artifacts/data_validation]
[2025-02-01 12:51:28,857: INFO: main: >>>>>>> Stage Data Validation stage completed <<<<<<<<

x=============x]
[2025-02-01 12:51:28,857: INFO: main: >>>>>>> Stage Data Transformation stage started <<<<<<<]
[2025-02-01 12:51:28,865: INFO: common: yaml file: <_io.TextIOWrapper name='config\\config.yaml' mode='r' encoding='cp1252'> loaded successfully]
[2025-02-01 12:51:28,866: INFO: common: yaml file: <_io.TextIOWrapper name='params.yaml' mode='r' encoding='cp1252'> loaded successfully]
[2025-02-01 12:51:28,867: INFO: common: yaml file: <_io.TextIOWrapper name='schema.yaml' mode='r' encoding='cp1252'> loaded successfully]
[2025-02-01 12:51:28,867: INFO: common: Created directory at: artifacts]
[2025-02-01 12:51:28,867: INFO: common: Created directory at: artifacts/data_transformation]
[2025-02-01 12:51:28,897: INFO: data_transformation: Split data into training and testing sets]
[2025-02-01 12:51:28,897: INFO: data_transformation: (1199, 12)]
[2025-02-01 12:51:28,897: INFO: data_transformation: (400, 12)]
[2025-02-01 12:51:28,897: INFO: main: >>>>>>> Stage Data Transformation stage completed <<<<<<<<

x=============x]
[2025-02-01 12:51:28,897: INFO: main: >>>>>>> Stage Model Training stage started <<<<<<<]
[2025-02-01 12:51:28,902: INFO: common: yaml file: <_io.TextIOWrapper name='config\\config.yaml' mode='r' encoding='cp1252'> loaded successfully]
[2025-02-01 12:51:28,902: INFO: common: yaml file: <_io.TextIOWrapper name='params.yaml' mode='r' encoding='cp1252'> loaded successfully]
[2025-02-01 12:51:28,904: INFO: common: yaml file: <_io.TextIOWrapper name='schema.yaml' mode='r' encoding='cp1252'> loaded successfully]
[2025-02-01 12:51:28,904: INFO: common: Created directory at: artifacts]
[2025-02-01 12:51:28,904: INFO: common: Created directory at: artifacts/model_trainer]
[2025-02-01 12:51:28,913: INFO: main: >>>>>>> Stage Model Training stage completed <<<<<<<<

x=============x]
[2025-02-01 12:51:28,913: INFO: main: >>>>>>> Stage Model Evaluation stage started <<<<<<<]
[2025-02-01 12:51:28,920: INFO: common: yaml file: <_io.TextIOWrapper name='config\\config.yaml' mode='r' encoding='cp1252'> loaded successfully]
[2025-02-01 12:51:28,922: INFO: common: yaml file: <_io.TextIOWrapper name='params.yaml' mode='r' encoding='cp1252'> loaded successfully]
[2025-02-01 12:51:28,924: INFO: common: yaml file: <_io.TextIOWrapper name='schema.yaml' mode='r' encoding='cp1252'> loaded successfully]
[2025-02-01 12:51:28,924: INFO: common: Created directory at: artifacts]
[2025-02-01 12:51:28,924: INFO: common: Created directory at: artifacts/model_evaluation]
[2025-02-01 12:51:29,632: INFO: common: json file saved at: artifacts\model_evaluation\metrics.json]
[2025-02-01 12:51:41,208: INFO: main: >>>>>>> Stage Model Evaluation stage completed <<<<<<<<

x=============x]
[2025-02-01 12:53:13,354: INFO: main: >>>>>>> Stage Data Ingestion stage started <<<<<<<]
[2025-02-01 12:53:13,354: INFO: common: yaml file: <_io.TextIOWrapper name='config\\config.yaml' mode='r' encoding='cp1252'> loaded successfully]
[2025-02-01 12:53:13,354: INFO: common: yaml file: <_io.TextIOWrapper name='params.yaml' mode='r' encoding='cp1252'> loaded successfully]
[2025-02-01 12:53:13,354: INFO: common: yaml file: <_io.TextIOWrapper name='schema.yaml' mode='r' encoding='cp1252'> loaded successfully]
[2025-02-01 12:53:13,354: INFO: common: Created directory at: artifacts]
[2025-02-01 12:53:13,354: INFO: common: Created directory at: artifacts/data_ingestion]
[2025-02-01 12:53:13,354: INFO: data_ingestion: File already exists of size: ~ 23 KB]
[2025-02-01 12:53:13,370: INFO: main: >>>>>>> Stage Data Ingestion stage completed <<<<<<<<

x=============x]
[2025-02-01 12:53:13,370: INFO: main: >>>>>>> Stage Data Validation stage started <<<<<<<]
[2025-02-01 12:53:13,370: INFO: common: yaml file: <_io.TextIOWrapper name='config\\config.yaml' mode='r' encoding='cp1252'> loaded successfully]
[2025-02-01 12:53:13,370: INFO: common: yaml file: <_io.TextIOWrapper name='params.yaml' mode='r' encoding='cp1252'> loaded successfully]
[2025-02-01 12:53:13,370: INFO: common: yaml file: <_io.TextIOWrapper name='schema.yaml' mode='r' encoding='cp1252'> loaded successfully]
[2025-02-01 12:53:13,370: INFO: common: Created directory at: artifacts]
[2025-02-01 12:53:13,370: INFO: common: Created directory at: artifacts/data_validation]
[2025-02-01 12:53:13,386: INFO: main: >>>>>>> Stage Data Validation stage completed <<<<<<<<

x=============x]
[2025-02-01 12:53:13,386: INFO: main: >>>>>>> Stage Data Transformation stage started <<<<<<<]
[2025-02-01 12:53:13,386: INFO: common: yaml file: <_io.TextIOWrapper name='config\\config.yaml' mode='r' encoding='cp1252'> loaded successfully]
[2025-02-01 12:53:13,386: INFO: common: yaml file: <_io.TextIOWrapper name='params.yaml' mode='r' encoding='cp1252'> loaded successfully]
[2025-02-01 12:53:13,386: INFO: common: yaml file: <_io.TextIOWrapper name='schema.yaml' mode='r' encoding='cp1252'> loaded successfully]
[2025-02-01 12:53:13,386: INFO: common: Created directory at: artifacts]
[2025-02-01 12:53:13,386: INFO: common: Created directory at: artifacts/data_transformation]
[2025-02-01 12:53:13,402: INFO: data_transformation: Split data into training and testing sets]
[2025-02-01 12:53:13,417: INFO: data_transformation: (1199, 12)]
[2025-02-01 12:53:13,417: INFO: data_transformation: (400, 12)]
[2025-02-01 12:53:13,417: INFO: main: >>>>>>> Stage Data Transformation stage completed <<<<<<<<

x=============x]
[2025-02-01 12:53:13,417: INFO: main: >>>>>>> Stage Model Training stage started <<<<<<<]
[2025-02-01 12:53:13,421: INFO: common: yaml file: <_io.TextIOWrapper name='config\\config.yaml' mode='r' encoding='cp1252'> loaded successfully]
[2025-02-01 12:53:13,421: INFO: common: yaml file: <_io.TextIOWrapper name='params.yaml' mode='r' encoding='cp1252'> loaded successfully]
[2025-02-01 12:53:13,424: INFO: common: yaml file: <_io.TextIOWrapper name='schema.yaml' mode='r' encoding='cp1252'> loaded successfully]
[2025-02-01 12:53:13,426: INFO: common: Created directory at: artifacts]
[2025-02-01 12:53:13,426: INFO: common: Created directory at: artifacts/model_trainer]
[2025-02-01 12:53:13,437: INFO: main: >>>>>>> Stage Model Training stage completed <<<<<<<<

x=============x]
[2025-02-01 12:53:13,437: INFO: main: >>>>>>> Stage Model Evaluation stage started <<<<<<<]
[2025-02-01 12:53:13,441: INFO: common: yaml file: <_io.TextIOWrapper name='config\\config.yaml' mode='r' encoding='cp1252'> loaded successfully]
[2025-02-01 12:53:13,441: INFO: common: yaml file: <_io.TextIOWrapper name='params.yaml' mode='r' encoding='cp1252'> loaded successfully]
[2025-02-01 12:53:13,443: INFO: common: yaml file: <_io.TextIOWrapper name='schema.yaml' mode='r' encoding='cp1252'> loaded successfully]
[2025-02-01 12:53:13,443: INFO: common: Created directory at: artifacts]
[2025-02-01 12:53:13,445: INFO: common: Created directory at: artifacts/model_evaluation]
[2025-02-01 12:53:14,145: INFO: common: json file saved at: artifacts\model_evaluation\metrics.json]
[2025-02-01 12:53:24,929: INFO: main: >>>>>>> Stage Model Evaluation stage completed <<<<<<<<

x=============x]
[2025-02-01 12:53:51,694: INFO: main: >>>>>>> Stage Data Ingestion stage started <<<<<<<]
[2025-02-01 12:53:51,709: INFO: common: yaml file: <_io.TextIOWrapper name='config\\config.yaml' mode='r' encoding='cp1252'> loaded successfully]
[2025-02-01 12:53:51,709: INFO: common: yaml file: <_io.TextIOWrapper name='params.yaml' mode='r' encoding='cp1252'> loaded successfully]
[2025-02-01 12:53:51,709: INFO: common: yaml file: <_io.TextIOWrapper name='schema.yaml' mode='r' encoding='cp1252'> loaded successfully]
[2025-02-01 12:53:51,709: INFO: common: Created directory at: artifacts]
[2025-02-01 12:53:51,709: INFO: common: Created directory at: artifacts/data_ingestion]
[2025-02-01 12:53:51,709: INFO: data_ingestion: File already exists of size: ~ 23 KB]
[2025-02-01 12:53:51,709: INFO: main: >>>>>>> Stage Data Ingestion stage completed <<<<<<<<

x=============x]
[2025-02-01 12:53:51,709: INFO: main: >>>>>>> Stage Data Validation stage started <<<<<<<]
[2025-02-01 12:53:51,725: INFO: common: yaml file: <_io.TextIOWrapper name='config\\config.yaml' mode='r' encoding='cp1252'> loaded successfully]
[2025-02-01 12:53:51,725: INFO: common: yaml file: <_io.TextIOWrapper name='params.yaml' mode='r' encoding='cp1252'> loaded successfully]
[2025-02-01 12:53:51,725: INFO: common: yaml file: <_io.TextIOWrapper name='schema.yaml' mode='r' encoding='cp1252'> loaded successfully]
[2025-02-01 12:53:51,725: INFO: common: Created directory at: artifacts]
[2025-02-01 12:53:51,725: INFO: common: Created directory at: artifacts/data_validation]
[2025-02-01 12:53:51,725: INFO: main: >>>>>>> Stage Data Validation stage completed <<<<<<<<

x=============x]
[2025-02-01 12:53:51,741: INFO: main: >>>>>>> Stage Data Transformation stage started <<<<<<<]
[2025-02-01 12:53:51,741: INFO: common: yaml file: <_io.TextIOWrapper name='config\\config.yaml' mode='r' encoding='cp1252'> loaded successfully]
[2025-02-01 12:53:51,741: INFO: common: yaml file: <_io.TextIOWrapper name='params.yaml' mode='r' encoding='cp1252'> loaded successfully]
[2025-02-01 12:53:51,741: INFO: common: yaml file: <_io.TextIOWrapper name='schema.yaml' mode='r' encoding='cp1252'> loaded successfully]
[2025-02-01 12:53:51,741: INFO: common: Created directory at: artifacts]
[2025-02-01 12:53:51,741: INFO: common: Created directory at: artifacts/data_transformation]
[2025-02-01 12:53:51,769: INFO: data_transformation: Split data into training and testing sets]
[2025-02-01 12:53:51,773: INFO: data_transformation: (1199, 12)]
[2025-02-01 12:53:51,773: INFO: data_transformation: (400, 12)]
[2025-02-01 12:53:51,773: INFO: main: >>>>>>> Stage Data Transformation stage completed <<<<<<<<

x=============x]
[2025-02-01 12:53:51,773: INFO: main: >>>>>>> Stage Model Training stage started <<<<<<<]
[2025-02-01 12:53:51,773: INFO: common: yaml file: <_io.TextIOWrapper name='config\\config.yaml' mode='r' encoding='cp1252'> loaded successfully]
[2025-02-01 12:53:51,773: INFO: common: yaml file: <_io.TextIOWrapper name='params.yaml' mode='r' encoding='cp1252'> loaded successfully]
[2025-02-01 12:53:51,773: INFO: common: yaml file: <_io.TextIOWrapper name='schema.yaml' mode='r' encoding='cp1252'> loaded successfully]
[2025-02-01 12:53:51,773: INFO: common: Created directory at: artifacts]
[2025-02-01 12:53:51,773: INFO: common: Created directory at: artifacts/model_trainer]
[2025-02-01 12:53:51,791: INFO: main: >>>>>>> Stage Model Training stage completed <<<<<<<<

x=============x]
[2025-02-01 12:53:51,791: INFO: main: >>>>>>> Stage Model Evaluation stage started <<<<<<<]
[2025-02-01 12:53:51,795: INFO: common: yaml file: <_io.TextIOWrapper name='config\\config.yaml' mode='r' encoding='cp1252'> loaded successfully]
[2025-02-01 12:53:51,795: INFO: common: yaml file: <_io.TextIOWrapper name='params.yaml' mode='r' encoding='cp1252'> loaded successfully]
[2025-02-01 12:53:51,797: INFO: common: yaml file: <_io.TextIOWrapper name='schema.yaml' mode='r' encoding='cp1252'> loaded successfully]
[2025-02-01 12:53:51,797: INFO: common: Created directory at: artifacts]
[2025-02-01 12:53:51,799: INFO: common: Created directory at: artifacts/model_evaluation]
[2025-02-01 12:53:52,469: INFO: common: json file saved at: artifacts\model_evaluation\metrics.json]
[2025-02-01 12:54:02,920: INFO: main: >>>>>>> Stage Model Evaluation stage completed <<<<<<<<

x=============x]
[2025-02-01 12:57:25,312: INFO: main: >>>>>>> Stage Data Ingestion stage started <<<<<<<]
[2025-02-01 12:57:25,325: INFO: common: yaml file: <_io.TextIOWrapper name='config\\config.yaml' mode='r' encoding='cp1252'> loaded successfully]
[2025-02-01 12:57:25,325: INFO: common: yaml file: <_io.TextIOWrapper name='params.yaml' mode='r' encoding='cp1252'> loaded successfully]
[2025-02-01 12:57:25,325: INFO: common: yaml file: <_io.TextIOWrapper name='schema.yaml' mode='r' encoding='cp1252'> loaded successfully]
[2025-02-01 12:57:25,325: INFO: common: Created directory at: artifacts]
[2025-02-01 12:57:25,325: INFO: common: Created directory at: artifacts/data_ingestion]
[2025-02-01 12:57:25,325: INFO: data_ingestion: File already exists of size: ~ 23 KB]
[2025-02-01 12:57:25,336: INFO: main: >>>>>>> Stage Data Ingestion stage completed <<<<<<<<

x=============x]
[2025-02-01 12:57:25,336: INFO: main: >>>>>>> Stage Data Validation stage started <<<<<<<]
[2025-02-01 12:57:25,336: INFO: common: yaml file: <_io.TextIOWrapper name='config\\config.yaml' mode='r' encoding='cp1252'> loaded successfully]
[2025-02-01 12:57:25,336: INFO: common: yaml file: <_io.TextIOWrapper name='params.yaml' mode='r' encoding='cp1252'> loaded successfully]
[2025-02-01 12:57:25,336: INFO: common: yaml file: <_io.TextIOWrapper name='schema.yaml' mode='r' encoding='cp1252'> loaded successfully]
[2025-02-01 12:57:25,336: INFO: common: Created directory at: artifacts]
[2025-02-01 12:57:25,336: INFO: common: Created directory at: artifacts/data_validation]
[2025-02-01 12:57:25,354: INFO: main: >>>>>>> Stage Data Validation stage completed <<<<<<<<

x=============x]
[2025-02-01 12:57:25,354: INFO: main: >>>>>>> Stage Data Transformation stage started <<<<<<<]
[2025-02-01 12:57:25,354: INFO: common: yaml file: <_io.TextIOWrapper name='config\\config.yaml' mode='r' encoding='cp1252'> loaded successfully]
[2025-02-01 12:57:25,354: INFO: common: yaml file: <_io.TextIOWrapper name='params.yaml' mode='r' encoding='cp1252'> loaded successfully]
[2025-02-01 12:57:25,354: INFO: common: yaml file: <_io.TextIOWrapper name='schema.yaml' mode='r' encoding='cp1252'> loaded successfully]
[2025-02-01 12:57:25,354: INFO: common: Created directory at: artifacts]
[2025-02-01 12:57:25,354: INFO: common: Created directory at: artifacts/data_transformation]
[2025-02-01 12:57:25,390: INFO: data_transformation: Split data into training and testing sets]
[2025-02-01 12:57:25,390: INFO: data_transformation: (1199, 12)]
[2025-02-01 12:57:25,390: INFO: data_transformation: (400, 12)]
[2025-02-01 12:57:25,390: INFO: main: >>>>>>> Stage Data Transformation stage completed <<<<<<<<

x=============x]
[2025-02-01 12:57:25,390: INFO: main: >>>>>>> Stage Model Training stage started <<<<<<<]
[2025-02-01 12:57:25,390: INFO: common: yaml file: <_io.TextIOWrapper name='config\\config.yaml' mode='r' encoding='cp1252'> loaded successfully]
[2025-02-01 12:57:25,390: INFO: common: yaml file: <_io.TextIOWrapper name='params.yaml' mode='r' encoding='cp1252'> loaded successfully]
[2025-02-01 12:57:25,398: INFO: common: yaml file: <_io.TextIOWrapper name='schema.yaml' mode='r' encoding='cp1252'> loaded successfully]
[2025-02-01 12:57:25,398: INFO: common: Created directory at: artifacts]
[2025-02-01 12:57:25,398: INFO: common: Created directory at: artifacts/model_trainer]
[2025-02-01 12:57:25,403: INFO: main: >>>>>>> Stage Model Training stage completed <<<<<<<<

x=============x]
[2025-02-01 12:57:25,403: INFO: main: >>>>>>> Stage Model Evaluation stage started <<<<<<<]
[2025-02-01 12:57:25,414: INFO: common: yaml file: <_io.TextIOWrapper name='config\\config.yaml' mode='r' encoding='cp1252'> loaded successfully]
[2025-02-01 12:57:25,414: INFO: common: yaml file: <_io.TextIOWrapper name='params.yaml' mode='r' encoding='cp1252'> loaded successfully]
[2025-02-01 12:57:25,414: INFO: common: yaml file: <_io.TextIOWrapper name='schema.yaml' mode='r' encoding='cp1252'> loaded successfully]
[2025-02-01 12:57:25,414: INFO: common: Created directory at: artifacts]
[2025-02-01 12:57:25,414: INFO: common: Created directory at: artifacts/model_evaluation]
[2025-02-01 12:57:26,114: INFO: common: json file saved at: artifacts\model_evaluation\metrics.json]
[2025-02-01 12:57:37,375: INFO: main: >>>>>>> Stage Model Evaluation stage completed <<<<<<<<

x=============x]
